Terminals unused in grammar

   T_NULL_PTR
   '%'
   NEGATION
   '.'
   '['
   ']'
   T_DIMENSIONS


State 63 conflicts: 1 shift/reduce


Grammar

    0 $accept: Rule_Implementor $end

    1 Rule_Implementor: State_Declaration_List Filter_List State_Specification_List T_END

    2 State_Declaration_List: State_Declaration
    3                       | State_Declaration_List State_Declaration

    4 State_Declaration: T_STATE ':' T_UPPERCASE_IDENTIFIER ';'
    5                  | T_STATE ':' T_UPPERCASE_IDENTIFIER State_Members ';'

    6 State_Specification_List: State_Specification
    7                         | State_Specification_List State_Specification

    8 State_Specification: T_IN T_STATE State_ID ':' Declaration_List

    9 State_Members: '{' Declaration_List '}'

   10 Filter_List: /* empty */
   11            | Filter_List Filter

   12 Filter: T_FILTER ':' T_FILTER_NAME Filter_Specification ';'

   13 Filter_Specification: T_FILTER_NAME
   14                     | '!' Filter_Specification
   15                     | '{' T_HAS ':' String_List '}'
   16                     | Filter_Specification T_AND Filter_Specification
   17                     | '{' Filter_Specification '}'

   18 String_List: T_STRING_CONSTANT
   19            | String_List ',' T_STRING_CONSTANT

   20 State_ID: T_UPPERCASE_IDENTIFIER
   21         | '*'

   22 Statement: Expression ';'
   23          | If_Statement
   24          | Declaration ';'
   25          | T_TRANSFER Expression_Wild ';'

   26 Test_Expression: T_IF '(' Expression ')'

   27 If_Statement: Test_Expression Statement_Block
   28             | Test_Expression Statement_Block T_ELSE Statement_Block
   29             | Test_Expression Statement_Block T_ELSE If_Statement
   30             | Test_Expression Expression '!' Expression ';'

   31 Statement_Block: '{' Statement_List '}'

   32 Statement_List: /* empty */
   33               | Statement_List Statement

   34 Declaration_List: /* empty */
   35                 | Declaration
   36                 | Declaration_List ',' Declaration

   37 Declaration: Variable_Declaration
   38            | Routine_Definition

   39 Routine_Definition: Type T_IDENTIFIER Bracketed_Declaration_List Statement_Block

   40 Bracketed_Declaration_List: '(' Declaration_List ')'

   41 Variable_Declaration: Type T_IDENTIFIER
   42                     | Type T_IDENTIFIER T_RIGHT_ARROW Expression
   43                     | Type T_IDENTIFIER T_LEFT_ARROW Expression

   44 Type: T_DOUBLE
   45     | T_INT
   46     | T_BOOL
   47     | T_VOID
   48     | T_STRING
   49     | '<' Type_Syntax_List '>'

   50 Type_Syntax_List: /* empty */
   51                 | Type
   52                 | Type_Syntax_List ',' Type

   53 Expression: Assignment_Expression
   54           | Call
   55           | Constant_Expression
   56           | LValue
   57           | Aggregate_Value
   58           | Expression '+' Expression
   59           | Expression '-' Expression
   60           | Expression '*' Expression
   61           | Expression '/' Expression
   62           | T_INCREMENT LValue
   63           | T_DECREMENT LValue
   64           | Expression '>' Expression
   65           | Expression '<' Expression
   66           | Expression T_GREATER_EQUAL Expression
   67           | Expression T_LESS_EQUAL Expression
   68           | Expression T_AND Expression
   69           | Expression T_OR Expression
   70           | Expression T_EQUAL Expression
   71           | Expression T_NOT_EQUAL Expression
   72           | '(' Expression ')'
   73           | '-' Expression
   74           | '!' Expression

   75 Expression_Wild: /* empty */
   76                | Expression

   77 Assignment_Expression: LValue T_LEFT_ARROW Expression

   78 Aggregate_Value: T_AGGREGATE_OPEN Expression_List T_AGGREGATE_CLOSE

   79 LValue: Field_Access_Expression

   80 Field_Access_Expression: T_IDENTIFIER

   81 Call: T_IDENTIFIER '(' Expression_List_Wild ')'
   82     | T_IDENTIFIER '<' State_ID '>' '(' Expression_List_Wild ')'
   83     | T_SYSTEM_IDENTIFIER '(' Expression_List_Wild ')'
   84     | T_FILTER_NAME '(' Expression_List_Wild ')'

   85 Expression_List_Wild: /* empty */
   86                     | Expression_List

   87 Expression_List: Expression_List_Helper

   88 Expression_List_Helper: Expression
   89                       | Expression_List_Helper ',' Expression

   90 Constant_Expression: T_INTEGER_CONSTANT
   91                    | T_DOUBLE_CONSTANT
   92                    | T_BOOL_CONSTANT
   93                    | T_STRING_CONSTANT


Terminals, with rules where they appear

$end (0) 0
'!' (33) 14 30 74
'%' (37)
'(' (40) 26 40 72 81 82 83 84
')' (41) 26 40 72 81 82 83 84
'*' (42) 21 60
'+' (43) 58
',' (44) 19 36 52 89
'-' (45) 59 73
'.' (46)
'/' (47) 61
':' (58) 4 5 8 12 15
';' (59) 4 5 12 22 24 25 30
'<' (60) 49 65 82
'>' (62) 49 64 82
'[' (91)
']' (93)
'{' (123) 9 15 17 31
'}' (125) 9 15 17 31
error (256)
T_VOID (258) 47
T_BOOL (259) 46
T_INT (260) 45
T_DOUBLE (261) 44
T_STRING (262) 48
T_FILTER (263) 12
T_HAS (264) 15
T_TRANSFER (265) 25
T_STATE (266) 4 5 8
T_NULL_PTR (267)
T_IN (268) 8
T_IF (269) 26
T_ELSE (270) 28 29
T_LEFT_ARROW (271) 43 77
T_RIGHT_ARROW (272) 42
T_END (273) 1
T_AGGREGATE_OPEN (274) 78
T_AGGREGATE_CLOSE (275) 78
T_IDENTIFIER (276) 39 41 42 43 80 81 82
T_UPPERCASE_IDENTIFIER (277) 4 5 20
T_FILTER_NAME (278) 12 13 84
T_SYSTEM_IDENTIFIER (279) 83
T_STRING_CONSTANT (280) 18 19 93
T_INTEGER_CONSTANT (281) 90
T_DOUBLE_CONSTANT (282) 91
T_BOOL_CONSTANT (283) 92
T_OR (284) 69
T_AND (285) 16 68
T_NOT_EQUAL (286) 71
T_EQUAL (287) 70
T_GREATER_EQUAL (288) 66
T_LESS_EQUAL (289) 67
T_DECREMENT (290) 63
T_INCREMENT (291) 62
NEGATION (292)
T_DIMENSIONS (293)


Nonterminals, with rules where they appear

$accept (57)
    on left: 0
Rule_Implementor (58)
    on left: 1, on right: 0
State_Declaration_List (59)
    on left: 2 3, on right: 1 3
State_Declaration (60)
    on left: 4 5, on right: 2 3
State_Specification_List (61)
    on left: 6 7, on right: 1 7
State_Specification (62)
    on left: 8, on right: 6 7
State_Members (63)
    on left: 9, on right: 5
Filter_List (64)
    on left: 10 11, on right: 1 11
Filter (65)
    on left: 12, on right: 11
Filter_Specification (66)
    on left: 13 14 15 16 17, on right: 12 14 16 17
String_List (67)
    on left: 18 19, on right: 15 19
State_ID (68)
    on left: 20 21, on right: 8 82
Statement (69)
    on left: 22 23 24 25, on right: 33
Test_Expression (70)
    on left: 26, on right: 27 28 29 30
If_Statement (71)
    on left: 27 28 29 30, on right: 23 29
Statement_Block (72)
    on left: 31, on right: 27 28 29 39
Statement_List (73)
    on left: 32 33, on right: 31 33
Declaration_List (74)
    on left: 34 35 36, on right: 8 9 36 40
Declaration (75)
    on left: 37 38, on right: 24 35 36
Routine_Definition (76)
    on left: 39, on right: 38
Bracketed_Declaration_List (77)
    on left: 40, on right: 39
Variable_Declaration (78)
    on left: 41 42 43, on right: 37
Type (79)
    on left: 44 45 46 47 48 49, on right: 39 41 42 43 51 52
Type_Syntax_List (80)
    on left: 50 51 52, on right: 49 52
Expression (81)
    on left: 53 54 55 56 57 58 59 60 61 62 63 64 65 66 67 68 69 70
    71 72 73 74, on right: 22 26 30 42 43 58 59 60 61 64 65 66 67 68
    69 70 71 72 73 74 76 77 88 89
Expression_Wild (82)
    on left: 75 76, on right: 25
Assignment_Expression (83)
    on left: 77, on right: 53
Aggregate_Value (84)
    on left: 78, on right: 57
LValue (85)
    on left: 79, on right: 56 62 63 77
Field_Access_Expression (86)
    on left: 80, on right: 79
Call (87)
    on left: 81 82 83 84, on right: 54
Expression_List_Wild (88)
    on left: 85 86, on right: 81 82 83 84
Expression_List (89)
    on left: 87, on right: 78 86
Expression_List_Helper (90)
    on left: 88 89, on right: 87 89
Constant_Expression (91)
    on left: 90 91 92 93, on right: 55


State 0

    0 $accept: . Rule_Implementor $end

    T_STATE  shift, and go to state 1

    Rule_Implementor        go to state 2
    State_Declaration_List  go to state 3
    State_Declaration       go to state 4


State 1

    4 State_Declaration: T_STATE . ':' T_UPPERCASE_IDENTIFIER ';'
    5                  | T_STATE . ':' T_UPPERCASE_IDENTIFIER State_Members ';'

    ':'  shift, and go to state 5


State 2

    0 $accept: Rule_Implementor . $end

    $end  shift, and go to state 6


State 3

    1 Rule_Implementor: State_Declaration_List . Filter_List State_Specification_List T_END
    3 State_Declaration_List: State_Declaration_List . State_Declaration

    T_STATE  shift, and go to state 1

    $default  reduce using rule 10 (Filter_List)

    State_Declaration  go to state 7
    Filter_List        go to state 8


State 4

    2 State_Declaration_List: State_Declaration .

    $default  reduce using rule 2 (State_Declaration_List)


State 5

    4 State_Declaration: T_STATE ':' . T_UPPERCASE_IDENTIFIER ';'
    5                  | T_STATE ':' . T_UPPERCASE_IDENTIFIER State_Members ';'

    T_UPPERCASE_IDENTIFIER  shift, and go to state 9


State 6

    0 $accept: Rule_Implementor $end .

    $default  accept


State 7

    3 State_Declaration_List: State_Declaration_List State_Declaration .

    $default  reduce using rule 3 (State_Declaration_List)


State 8

    1 Rule_Implementor: State_Declaration_List Filter_List . State_Specification_List T_END
   11 Filter_List: Filter_List . Filter

    T_FILTER  shift, and go to state 10
    T_IN      shift, and go to state 11

    State_Specification_List  go to state 12
    State_Specification       go to state 13
    Filter                    go to state 14


State 9

    4 State_Declaration: T_STATE ':' T_UPPERCASE_IDENTIFIER . ';'
    5                  | T_STATE ':' T_UPPERCASE_IDENTIFIER . State_Members ';'

    ';'  shift, and go to state 15
    '{'  shift, and go to state 16

    State_Members  go to state 17


State 10

   12 Filter: T_FILTER . ':' T_FILTER_NAME Filter_Specification ';'

    ':'  shift, and go to state 18


State 11

    8 State_Specification: T_IN . T_STATE State_ID ':' Declaration_List

    T_STATE  shift, and go to state 19


State 12

    1 Rule_Implementor: State_Declaration_List Filter_List State_Specification_List . T_END
    7 State_Specification_List: State_Specification_List . State_Specification

    T_IN   shift, and go to state 11
    T_END  shift, and go to state 20

    State_Specification  go to state 21


State 13

    6 State_Specification_List: State_Specification .

    $default  reduce using rule 6 (State_Specification_List)


State 14

   11 Filter_List: Filter_List Filter .

    $default  reduce using rule 11 (Filter_List)


State 15

    4 State_Declaration: T_STATE ':' T_UPPERCASE_IDENTIFIER ';' .

    $default  reduce using rule 4 (State_Declaration)


State 16

    9 State_Members: '{' . Declaration_List '}'

    T_VOID    shift, and go to state 22
    T_BOOL    shift, and go to state 23
    T_INT     shift, and go to state 24
    T_DOUBLE  shift, and go to state 25
    T_STRING  shift, and go to state 26
    '<'       shift, and go to state 27

    $default  reduce using rule 34 (Declaration_List)

    Declaration_List      go to state 28
    Declaration           go to state 29
    Routine_Definition    go to state 30
    Variable_Declaration  go to state 31
    Type                  go to state 32


State 17

    5 State_Declaration: T_STATE ':' T_UPPERCASE_IDENTIFIER State_Members . ';'

    ';'  shift, and go to state 33


State 18

   12 Filter: T_FILTER ':' . T_FILTER_NAME Filter_Specification ';'

    T_FILTER_NAME  shift, and go to state 34


State 19

    8 State_Specification: T_IN T_STATE . State_ID ':' Declaration_List

    T_UPPERCASE_IDENTIFIER  shift, and go to state 35
    '*'                     shift, and go to state 36

    State_ID  go to state 37


State 20

    1 Rule_Implementor: State_Declaration_List Filter_List State_Specification_List T_END .

    $default  reduce using rule 1 (Rule_Implementor)


State 21

    7 State_Specification_List: State_Specification_List State_Specification .

    $default  reduce using rule 7 (State_Specification_List)


State 22

   47 Type: T_VOID .

    $default  reduce using rule 47 (Type)


State 23

   46 Type: T_BOOL .

    $default  reduce using rule 46 (Type)


State 24

   45 Type: T_INT .

    $default  reduce using rule 45 (Type)


State 25

   44 Type: T_DOUBLE .

    $default  reduce using rule 44 (Type)


State 26

   48 Type: T_STRING .

    $default  reduce using rule 48 (Type)


State 27

   49 Type: '<' . Type_Syntax_List '>'

    T_VOID    shift, and go to state 22
    T_BOOL    shift, and go to state 23
    T_INT     shift, and go to state 24
    T_DOUBLE  shift, and go to state 25
    T_STRING  shift, and go to state 26
    '<'       shift, and go to state 27

    $default  reduce using rule 50 (Type_Syntax_List)

    Type              go to state 38
    Type_Syntax_List  go to state 39


State 28

    9 State_Members: '{' Declaration_List . '}'
   36 Declaration_List: Declaration_List . ',' Declaration

    '}'  shift, and go to state 40
    ','  shift, and go to state 41


State 29

   35 Declaration_List: Declaration .

    $default  reduce using rule 35 (Declaration_List)


State 30

   38 Declaration: Routine_Definition .

    $default  reduce using rule 38 (Declaration)


State 31

   37 Declaration: Variable_Declaration .

    $default  reduce using rule 37 (Declaration)


State 32

   39 Routine_Definition: Type . T_IDENTIFIER Bracketed_Declaration_List Statement_Block
   41 Variable_Declaration: Type . T_IDENTIFIER
   42                     | Type . T_IDENTIFIER T_RIGHT_ARROW Expression
   43                     | Type . T_IDENTIFIER T_LEFT_ARROW Expression

    T_IDENTIFIER  shift, and go to state 42


State 33

    5 State_Declaration: T_STATE ':' T_UPPERCASE_IDENTIFIER State_Members ';' .

    $default  reduce using rule 5 (State_Declaration)


State 34

   12 Filter: T_FILTER ':' T_FILTER_NAME . Filter_Specification ';'

    T_FILTER_NAME  shift, and go to state 43
    '!'            shift, and go to state 44
    '{'            shift, and go to state 45

    Filter_Specification  go to state 46


State 35

   20 State_ID: T_UPPERCASE_IDENTIFIER .

    $default  reduce using rule 20 (State_ID)


State 36

   21 State_ID: '*' .

    $default  reduce using rule 21 (State_ID)


State 37

    8 State_Specification: T_IN T_STATE State_ID . ':' Declaration_List

    ':'  shift, and go to state 47


State 38

   51 Type_Syntax_List: Type .

    $default  reduce using rule 51 (Type_Syntax_List)


State 39

   49 Type: '<' Type_Syntax_List . '>'
   52 Type_Syntax_List: Type_Syntax_List . ',' Type

    '>'  shift, and go to state 48
    ','  shift, and go to state 49


State 40

    9 State_Members: '{' Declaration_List '}' .

    $default  reduce using rule 9 (State_Members)


State 41

   36 Declaration_List: Declaration_List ',' . Declaration

    T_VOID    shift, and go to state 22
    T_BOOL    shift, and go to state 23
    T_INT     shift, and go to state 24
    T_DOUBLE  shift, and go to state 25
    T_STRING  shift, and go to state 26
    '<'       shift, and go to state 27

    Declaration           go to state 50
    Routine_Definition    go to state 30
    Variable_Declaration  go to state 31
    Type                  go to state 32


State 42

   39 Routine_Definition: Type T_IDENTIFIER . Bracketed_Declaration_List Statement_Block
   41 Variable_Declaration: Type T_IDENTIFIER .
   42                     | Type T_IDENTIFIER . T_RIGHT_ARROW Expression
   43                     | Type T_IDENTIFIER . T_LEFT_ARROW Expression

    T_LEFT_ARROW   shift, and go to state 51
    T_RIGHT_ARROW  shift, and go to state 52
    '('            shift, and go to state 53

    $default  reduce using rule 41 (Variable_Declaration)

    Bracketed_Declaration_List  go to state 54


State 43

   13 Filter_Specification: T_FILTER_NAME .

    $default  reduce using rule 13 (Filter_Specification)


State 44

   14 Filter_Specification: '!' . Filter_Specification

    T_FILTER_NAME  shift, and go to state 43
    '!'            shift, and go to state 44
    '{'            shift, and go to state 45

    Filter_Specification  go to state 55


State 45

   15 Filter_Specification: '{' . T_HAS ':' String_List '}'
   17                     | '{' . Filter_Specification '}'

    T_HAS          shift, and go to state 56
    T_FILTER_NAME  shift, and go to state 43
    '!'            shift, and go to state 44
    '{'            shift, and go to state 45

    Filter_Specification  go to state 57


State 46

   12 Filter: T_FILTER ':' T_FILTER_NAME Filter_Specification . ';'
   16 Filter_Specification: Filter_Specification . T_AND Filter_Specification

    T_AND  shift, and go to state 58
    ';'    shift, and go to state 59


State 47

    8 State_Specification: T_IN T_STATE State_ID ':' . Declaration_List

    T_VOID    shift, and go to state 22
    T_BOOL    shift, and go to state 23
    T_INT     shift, and go to state 24
    T_DOUBLE  shift, and go to state 25
    T_STRING  shift, and go to state 26
    '<'       shift, and go to state 27

    $default  reduce using rule 34 (Declaration_List)

    Declaration_List      go to state 60
    Declaration           go to state 29
    Routine_Definition    go to state 30
    Variable_Declaration  go to state 31
    Type                  go to state 32


State 48

   49 Type: '<' Type_Syntax_List '>' .

    $default  reduce using rule 49 (Type)


State 49

   52 Type_Syntax_List: Type_Syntax_List ',' . Type

    T_VOID    shift, and go to state 22
    T_BOOL    shift, and go to state 23
    T_INT     shift, and go to state 24
    T_DOUBLE  shift, and go to state 25
    T_STRING  shift, and go to state 26
    '<'       shift, and go to state 27

    Type  go to state 61


State 50

   36 Declaration_List: Declaration_List ',' Declaration .

    $default  reduce using rule 36 (Declaration_List)


State 51

   43 Variable_Declaration: Type T_IDENTIFIER T_LEFT_ARROW . Expression

    T_AGGREGATE_OPEN     shift, and go to state 62
    T_IDENTIFIER         shift, and go to state 63
    T_FILTER_NAME        shift, and go to state 64
    T_SYSTEM_IDENTIFIER  shift, and go to state 65
    T_STRING_CONSTANT    shift, and go to state 66
    T_INTEGER_CONSTANT   shift, and go to state 67
    T_DOUBLE_CONSTANT    shift, and go to state 68
    T_BOOL_CONSTANT      shift, and go to state 69
    '-'                  shift, and go to state 70
    '!'                  shift, and go to state 71
    T_DECREMENT          shift, and go to state 72
    T_INCREMENT          shift, and go to state 73
    '('                  shift, and go to state 74

    Expression               go to state 75
    Assignment_Expression    go to state 76
    Aggregate_Value          go to state 77
    LValue                   go to state 78
    Field_Access_Expression  go to state 79
    Call                     go to state 80
    Constant_Expression      go to state 81


State 52

   42 Variable_Declaration: Type T_IDENTIFIER T_RIGHT_ARROW . Expression

    T_AGGREGATE_OPEN     shift, and go to state 62
    T_IDENTIFIER         shift, and go to state 63
    T_FILTER_NAME        shift, and go to state 64
    T_SYSTEM_IDENTIFIER  shift, and go to state 65
    T_STRING_CONSTANT    shift, and go to state 66
    T_INTEGER_CONSTANT   shift, and go to state 67
    T_DOUBLE_CONSTANT    shift, and go to state 68
    T_BOOL_CONSTANT      shift, and go to state 69
    '-'                  shift, and go to state 70
    '!'                  shift, and go to state 71
    T_DECREMENT          shift, and go to state 72
    T_INCREMENT          shift, and go to state 73
    '('                  shift, and go to state 74

    Expression               go to state 82
    Assignment_Expression    go to state 76
    Aggregate_Value          go to state 77
    LValue                   go to state 78
    Field_Access_Expression  go to state 79
    Call                     go to state 80
    Constant_Expression      go to state 81


State 53

   40 Bracketed_Declaration_List: '(' . Declaration_List ')'

    T_VOID    shift, and go to state 22
    T_BOOL    shift, and go to state 23
    T_INT     shift, and go to state 24
    T_DOUBLE  shift, and go to state 25
    T_STRING  shift, and go to state 26
    '<'       shift, and go to state 27

    $default  reduce using rule 34 (Declaration_List)

    Declaration_List      go to state 83
    Declaration           go to state 29
    Routine_Definition    go to state 30
    Variable_Declaration  go to state 31
    Type                  go to state 32


State 54

   39 Routine_Definition: Type T_IDENTIFIER Bracketed_Declaration_List . Statement_Block

    '{'  shift, and go to state 84

    Statement_Block  go to state 85


State 55

   14 Filter_Specification: '!' Filter_Specification .
   16                     | Filter_Specification . T_AND Filter_Specification

    $default  reduce using rule 14 (Filter_Specification)


State 56

   15 Filter_Specification: '{' T_HAS . ':' String_List '}'

    ':'  shift, and go to state 86


State 57

   16 Filter_Specification: Filter_Specification . T_AND Filter_Specification
   17                     | '{' Filter_Specification . '}'

    T_AND  shift, and go to state 58
    '}'    shift, and go to state 87


State 58

   16 Filter_Specification: Filter_Specification T_AND . Filter_Specification

    T_FILTER_NAME  shift, and go to state 43
    '!'            shift, and go to state 44
    '{'            shift, and go to state 45

    Filter_Specification  go to state 88


State 59

   12 Filter: T_FILTER ':' T_FILTER_NAME Filter_Specification ';' .

    $default  reduce using rule 12 (Filter)


State 60

    8 State_Specification: T_IN T_STATE State_ID ':' Declaration_List .
   36 Declaration_List: Declaration_List . ',' Declaration

    ','  shift, and go to state 41

    $default  reduce using rule 8 (State_Specification)


State 61

   52 Type_Syntax_List: Type_Syntax_List ',' Type .

    $default  reduce using rule 52 (Type_Syntax_List)


State 62

   78 Aggregate_Value: T_AGGREGATE_OPEN . Expression_List T_AGGREGATE_CLOSE

    T_AGGREGATE_OPEN     shift, and go to state 62
    T_IDENTIFIER         shift, and go to state 63
    T_FILTER_NAME        shift, and go to state 64
    T_SYSTEM_IDENTIFIER  shift, and go to state 65
    T_STRING_CONSTANT    shift, and go to state 66
    T_INTEGER_CONSTANT   shift, and go to state 67
    T_DOUBLE_CONSTANT    shift, and go to state 68
    T_BOOL_CONSTANT      shift, and go to state 69
    '-'                  shift, and go to state 70
    '!'                  shift, and go to state 71
    T_DECREMENT          shift, and go to state 72
    T_INCREMENT          shift, and go to state 73
    '('                  shift, and go to state 74

    Expression               go to state 89
    Assignment_Expression    go to state 76
    Aggregate_Value          go to state 77
    LValue                   go to state 78
    Field_Access_Expression  go to state 79
    Call                     go to state 80
    Expression_List          go to state 90
    Expression_List_Helper   go to state 91
    Constant_Expression      go to state 81


State 63

   80 Field_Access_Expression: T_IDENTIFIER .
   81 Call: T_IDENTIFIER . '(' Expression_List_Wild ')'
   82     | T_IDENTIFIER . '<' State_ID '>' '(' Expression_List_Wild ')'

    '<'  shift, and go to state 92
    '('  shift, and go to state 93

    '<'       [reduce using rule 80 (Field_Access_Expression)]
    $default  reduce using rule 80 (Field_Access_Expression)


State 64

   84 Call: T_FILTER_NAME . '(' Expression_List_Wild ')'

    '('  shift, and go to state 94


State 65

   83 Call: T_SYSTEM_IDENTIFIER . '(' Expression_List_Wild ')'

    '('  shift, and go to state 95


State 66

   93 Constant_Expression: T_STRING_CONSTANT .

    $default  reduce using rule 93 (Constant_Expression)


State 67

   90 Constant_Expression: T_INTEGER_CONSTANT .

    $default  reduce using rule 90 (Constant_Expression)


State 68

   91 Constant_Expression: T_DOUBLE_CONSTANT .

    $default  reduce using rule 91 (Constant_Expression)


State 69

   92 Constant_Expression: T_BOOL_CONSTANT .

    $default  reduce using rule 92 (Constant_Expression)


State 70

   73 Expression: '-' . Expression

    T_AGGREGATE_OPEN     shift, and go to state 62
    T_IDENTIFIER         shift, and go to state 63
    T_FILTER_NAME        shift, and go to state 64
    T_SYSTEM_IDENTIFIER  shift, and go to state 65
    T_STRING_CONSTANT    shift, and go to state 66
    T_INTEGER_CONSTANT   shift, and go to state 67
    T_DOUBLE_CONSTANT    shift, and go to state 68
    T_BOOL_CONSTANT      shift, and go to state 69
    '-'                  shift, and go to state 70
    '!'                  shift, and go to state 71
    T_DECREMENT          shift, and go to state 72
    T_INCREMENT          shift, and go to state 73
    '('                  shift, and go to state 74

    Expression               go to state 96
    Assignment_Expression    go to state 76
    Aggregate_Value          go to state 77
    LValue                   go to state 78
    Field_Access_Expression  go to state 79
    Call                     go to state 80
    Constant_Expression      go to state 81


State 71

   74 Expression: '!' . Expression

    T_AGGREGATE_OPEN     shift, and go to state 62
    T_IDENTIFIER         shift, and go to state 63
    T_FILTER_NAME        shift, and go to state 64
    T_SYSTEM_IDENTIFIER  shift, and go to state 65
    T_STRING_CONSTANT    shift, and go to state 66
    T_INTEGER_CONSTANT   shift, and go to state 67
    T_DOUBLE_CONSTANT    shift, and go to state 68
    T_BOOL_CONSTANT      shift, and go to state 69
    '-'                  shift, and go to state 70
    '!'                  shift, and go to state 71
    T_DECREMENT          shift, and go to state 72
    T_INCREMENT          shift, and go to state 73
    '('                  shift, and go to state 74

    Expression               go to state 97
    Assignment_Expression    go to state 76
    Aggregate_Value          go to state 77
    LValue                   go to state 78
    Field_Access_Expression  go to state 79
    Call                     go to state 80
    Constant_Expression      go to state 81


State 72

   63 Expression: T_DECREMENT . LValue

    T_IDENTIFIER  shift, and go to state 98

    LValue                   go to state 99
    Field_Access_Expression  go to state 79


State 73

   62 Expression: T_INCREMENT . LValue

    T_IDENTIFIER  shift, and go to state 98

    LValue                   go to state 100
    Field_Access_Expression  go to state 79


State 74

   72 Expression: '(' . Expression ')'

    T_AGGREGATE_OPEN     shift, and go to state 62
    T_IDENTIFIER         shift, and go to state 63
    T_FILTER_NAME        shift, and go to state 64
    T_SYSTEM_IDENTIFIER  shift, and go to state 65
    T_STRING_CONSTANT    shift, and go to state 66
    T_INTEGER_CONSTANT   shift, and go to state 67
    T_DOUBLE_CONSTANT    shift, and go to state 68
    T_BOOL_CONSTANT      shift, and go to state 69
    '-'                  shift, and go to state 70
    '!'                  shift, and go to state 71
    T_DECREMENT          shift, and go to state 72
    T_INCREMENT          shift, and go to state 73
    '('                  shift, and go to state 74

    Expression               go to state 101
    Assignment_Expression    go to state 76
    Aggregate_Value          go to state 77
    LValue                   go to state 78
    Field_Access_Expression  go to state 79
    Call                     go to state 80
    Constant_Expression      go to state 81


State 75

   43 Variable_Declaration: Type T_IDENTIFIER T_LEFT_ARROW Expression .
   58 Expression: Expression . '+' Expression
   59           | Expression . '-' Expression
   60           | Expression . '*' Expression
   61           | Expression . '/' Expression
   64           | Expression . '>' Expression
   65           | Expression . '<' Expression
   66           | Expression . T_GREATER_EQUAL Expression
   67           | Expression . T_LESS_EQUAL Expression
   68           | Expression . T_AND Expression
   69           | Expression . T_OR Expression
   70           | Expression . T_EQUAL Expression
   71           | Expression . T_NOT_EQUAL Expression

    T_OR             shift, and go to state 102
    T_AND            shift, and go to state 103
    T_NOT_EQUAL      shift, and go to state 104
    T_EQUAL          shift, and go to state 105
    '>'              shift, and go to state 106
    '<'              shift, and go to state 107
    T_GREATER_EQUAL  shift, and go to state 108
    T_LESS_EQUAL     shift, and go to state 109
    '+'              shift, and go to state 110
    '-'              shift, and go to state 111
    '*'              shift, and go to state 112
    '/'              shift, and go to state 113

    $default  reduce using rule 43 (Variable_Declaration)


State 76

   53 Expression: Assignment_Expression .

    $default  reduce using rule 53 (Expression)


State 77

   57 Expression: Aggregate_Value .

    $default  reduce using rule 57 (Expression)


State 78

   56 Expression: LValue .
   77 Assignment_Expression: LValue . T_LEFT_ARROW Expression

    T_LEFT_ARROW  shift, and go to state 114

    $default  reduce using rule 56 (Expression)


State 79

   79 LValue: Field_Access_Expression .

    $default  reduce using rule 79 (LValue)


State 80

   54 Expression: Call .

    $default  reduce using rule 54 (Expression)


State 81

   55 Expression: Constant_Expression .

    $default  reduce using rule 55 (Expression)


State 82

   42 Variable_Declaration: Type T_IDENTIFIER T_RIGHT_ARROW Expression .
   58 Expression: Expression . '+' Expression
   59           | Expression . '-' Expression
   60           | Expression . '*' Expression
   61           | Expression . '/' Expression
   64           | Expression . '>' Expression
   65           | Expression . '<' Expression
   66           | Expression . T_GREATER_EQUAL Expression
   67           | Expression . T_LESS_EQUAL Expression
   68           | Expression . T_AND Expression
   69           | Expression . T_OR Expression
   70           | Expression . T_EQUAL Expression
   71           | Expression . T_NOT_EQUAL Expression

    T_OR             shift, and go to state 102
    T_AND            shift, and go to state 103
    T_NOT_EQUAL      shift, and go to state 104
    T_EQUAL          shift, and go to state 105
    '>'              shift, and go to state 106
    '<'              shift, and go to state 107
    T_GREATER_EQUAL  shift, and go to state 108
    T_LESS_EQUAL     shift, and go to state 109
    '+'              shift, and go to state 110
    '-'              shift, and go to state 111
    '*'              shift, and go to state 112
    '/'              shift, and go to state 113

    $default  reduce using rule 42 (Variable_Declaration)


State 83

   36 Declaration_List: Declaration_List . ',' Declaration
   40 Bracketed_Declaration_List: '(' Declaration_List . ')'

    ','  shift, and go to state 41
    ')'  shift, and go to state 115


State 84

   31 Statement_Block: '{' . Statement_List '}'

    $default  reduce using rule 32 (Statement_List)

    Statement_List  go to state 116


State 85

   39 Routine_Definition: Type T_IDENTIFIER Bracketed_Declaration_List Statement_Block .

    $default  reduce using rule 39 (Routine_Definition)


State 86

   15 Filter_Specification: '{' T_HAS ':' . String_List '}'

    T_STRING_CONSTANT  shift, and go to state 117

    String_List  go to state 118


State 87

   17 Filter_Specification: '{' Filter_Specification '}' .

    $default  reduce using rule 17 (Filter_Specification)


State 88

   16 Filter_Specification: Filter_Specification . T_AND Filter_Specification
   16                     | Filter_Specification T_AND Filter_Specification .

    $default  reduce using rule 16 (Filter_Specification)


State 89

   58 Expression: Expression . '+' Expression
   59           | Expression . '-' Expression
   60           | Expression . '*' Expression
   61           | Expression . '/' Expression
   64           | Expression . '>' Expression
   65           | Expression . '<' Expression
   66           | Expression . T_GREATER_EQUAL Expression
   67           | Expression . T_LESS_EQUAL Expression
   68           | Expression . T_AND Expression
   69           | Expression . T_OR Expression
   70           | Expression . T_EQUAL Expression
   71           | Expression . T_NOT_EQUAL Expression
   88 Expression_List_Helper: Expression .

    T_OR             shift, and go to state 102
    T_AND            shift, and go to state 103
    T_NOT_EQUAL      shift, and go to state 104
    T_EQUAL          shift, and go to state 105
    '>'              shift, and go to state 106
    '<'              shift, and go to state 107
    T_GREATER_EQUAL  shift, and go to state 108
    T_LESS_EQUAL     shift, and go to state 109
    '+'              shift, and go to state 110
    '-'              shift, and go to state 111
    '*'              shift, and go to state 112
    '/'              shift, and go to state 113

    $default  reduce using rule 88 (Expression_List_Helper)


State 90

   78 Aggregate_Value: T_AGGREGATE_OPEN Expression_List . T_AGGREGATE_CLOSE

    T_AGGREGATE_CLOSE  shift, and go to state 119


State 91

   87 Expression_List: Expression_List_Helper .
   89 Expression_List_Helper: Expression_List_Helper . ',' Expression

    ','  shift, and go to state 120

    $default  reduce using rule 87 (Expression_List)


State 92

   82 Call: T_IDENTIFIER '<' . State_ID '>' '(' Expression_List_Wild ')'

    T_UPPERCASE_IDENTIFIER  shift, and go to state 35
    '*'                     shift, and go to state 36

    State_ID  go to state 121


State 93

   81 Call: T_IDENTIFIER '(' . Expression_List_Wild ')'

    T_AGGREGATE_OPEN     shift, and go to state 62
    T_IDENTIFIER         shift, and go to state 63
    T_FILTER_NAME        shift, and go to state 64
    T_SYSTEM_IDENTIFIER  shift, and go to state 65
    T_STRING_CONSTANT    shift, and go to state 66
    T_INTEGER_CONSTANT   shift, and go to state 67
    T_DOUBLE_CONSTANT    shift, and go to state 68
    T_BOOL_CONSTANT      shift, and go to state 69
    '-'                  shift, and go to state 70
    '!'                  shift, and go to state 71
    T_DECREMENT          shift, and go to state 72
    T_INCREMENT          shift, and go to state 73
    '('                  shift, and go to state 74

    $default  reduce using rule 85 (Expression_List_Wild)

    Expression               go to state 89
    Assignment_Expression    go to state 76
    Aggregate_Value          go to state 77
    LValue                   go to state 78
    Field_Access_Expression  go to state 79
    Call                     go to state 80
    Expression_List_Wild     go to state 122
    Expression_List          go to state 123
    Expression_List_Helper   go to state 91
    Constant_Expression      go to state 81


State 94

   84 Call: T_FILTER_NAME '(' . Expression_List_Wild ')'

    T_AGGREGATE_OPEN     shift, and go to state 62
    T_IDENTIFIER         shift, and go to state 63
    T_FILTER_NAME        shift, and go to state 64
    T_SYSTEM_IDENTIFIER  shift, and go to state 65
    T_STRING_CONSTANT    shift, and go to state 66
    T_INTEGER_CONSTANT   shift, and go to state 67
    T_DOUBLE_CONSTANT    shift, and go to state 68
    T_BOOL_CONSTANT      shift, and go to state 69
    '-'                  shift, and go to state 70
    '!'                  shift, and go to state 71
    T_DECREMENT          shift, and go to state 72
    T_INCREMENT          shift, and go to state 73
    '('                  shift, and go to state 74

    $default  reduce using rule 85 (Expression_List_Wild)

    Expression               go to state 89
    Assignment_Expression    go to state 76
    Aggregate_Value          go to state 77
    LValue                   go to state 78
    Field_Access_Expression  go to state 79
    Call                     go to state 80
    Expression_List_Wild     go to state 124
    Expression_List          go to state 123
    Expression_List_Helper   go to state 91
    Constant_Expression      go to state 81


State 95

   83 Call: T_SYSTEM_IDENTIFIER '(' . Expression_List_Wild ')'

    T_AGGREGATE_OPEN     shift, and go to state 62
    T_IDENTIFIER         shift, and go to state 63
    T_FILTER_NAME        shift, and go to state 64
    T_SYSTEM_IDENTIFIER  shift, and go to state 65
    T_STRING_CONSTANT    shift, and go to state 66
    T_INTEGER_CONSTANT   shift, and go to state 67
    T_DOUBLE_CONSTANT    shift, and go to state 68
    T_BOOL_CONSTANT      shift, and go to state 69
    '-'                  shift, and go to state 70
    '!'                  shift, and go to state 71
    T_DECREMENT          shift, and go to state 72
    T_INCREMENT          shift, and go to state 73
    '('                  shift, and go to state 74

    $default  reduce using rule 85 (Expression_List_Wild)

    Expression               go to state 89
    Assignment_Expression    go to state 76
    Aggregate_Value          go to state 77
    LValue                   go to state 78
    Field_Access_Expression  go to state 79
    Call                     go to state 80
    Expression_List_Wild     go to state 125
    Expression_List          go to state 123
    Expression_List_Helper   go to state 91
    Constant_Expression      go to state 81


State 96

   58 Expression: Expression . '+' Expression
   59           | Expression . '-' Expression
   60           | Expression . '*' Expression
   61           | Expression . '/' Expression
   64           | Expression . '>' Expression
   65           | Expression . '<' Expression
   66           | Expression . T_GREATER_EQUAL Expression
   67           | Expression . T_LESS_EQUAL Expression
   68           | Expression . T_AND Expression
   69           | Expression . T_OR Expression
   70           | Expression . T_EQUAL Expression
   71           | Expression . T_NOT_EQUAL Expression
   73           | '-' Expression .

    '*'  shift, and go to state 112
    '/'  shift, and go to state 113

    $default  reduce using rule 73 (Expression)


State 97

   58 Expression: Expression . '+' Expression
   59           | Expression . '-' Expression
   60           | Expression . '*' Expression
   61           | Expression . '/' Expression
   64           | Expression . '>' Expression
   65           | Expression . '<' Expression
   66           | Expression . T_GREATER_EQUAL Expression
   67           | Expression . T_LESS_EQUAL Expression
   68           | Expression . T_AND Expression
   69           | Expression . T_OR Expression
   70           | Expression . T_EQUAL Expression
   71           | Expression . T_NOT_EQUAL Expression
   74           | '!' Expression .

    $default  reduce using rule 74 (Expression)


State 98

   80 Field_Access_Expression: T_IDENTIFIER .

    $default  reduce using rule 80 (Field_Access_Expression)


State 99

   63 Expression: T_DECREMENT LValue .

    $default  reduce using rule 63 (Expression)


State 100

   62 Expression: T_INCREMENT LValue .

    $default  reduce using rule 62 (Expression)


State 101

   58 Expression: Expression . '+' Expression
   59           | Expression . '-' Expression
   60           | Expression . '*' Expression
   61           | Expression . '/' Expression
   64           | Expression . '>' Expression
   65           | Expression . '<' Expression
   66           | Expression . T_GREATER_EQUAL Expression
   67           | Expression . T_LESS_EQUAL Expression
   68           | Expression . T_AND Expression
   69           | Expression . T_OR Expression
   70           | Expression . T_EQUAL Expression
   71           | Expression . T_NOT_EQUAL Expression
   72           | '(' Expression . ')'

    T_OR             shift, and go to state 102
    T_AND            shift, and go to state 103
    T_NOT_EQUAL      shift, and go to state 104
    T_EQUAL          shift, and go to state 105
    '>'              shift, and go to state 106
    '<'              shift, and go to state 107
    T_GREATER_EQUAL  shift, and go to state 108
    T_LESS_EQUAL     shift, and go to state 109
    '+'              shift, and go to state 110
    '-'              shift, and go to state 111
    '*'              shift, and go to state 112
    '/'              shift, and go to state 113
    ')'              shift, and go to state 126


State 102

   69 Expression: Expression T_OR . Expression

    T_AGGREGATE_OPEN     shift, and go to state 62
    T_IDENTIFIER         shift, and go to state 63
    T_FILTER_NAME        shift, and go to state 64
    T_SYSTEM_IDENTIFIER  shift, and go to state 65
    T_STRING_CONSTANT    shift, and go to state 66
    T_INTEGER_CONSTANT   shift, and go to state 67
    T_DOUBLE_CONSTANT    shift, and go to state 68
    T_BOOL_CONSTANT      shift, and go to state 69
    '-'                  shift, and go to state 70
    '!'                  shift, and go to state 71
    T_DECREMENT          shift, and go to state 72
    T_INCREMENT          shift, and go to state 73
    '('                  shift, and go to state 74

    Expression               go to state 127
    Assignment_Expression    go to state 76
    Aggregate_Value          go to state 77
    LValue                   go to state 78
    Field_Access_Expression  go to state 79
    Call                     go to state 80
    Constant_Expression      go to state 81


State 103

   68 Expression: Expression T_AND . Expression

    T_AGGREGATE_OPEN     shift, and go to state 62
    T_IDENTIFIER         shift, and go to state 63
    T_FILTER_NAME        shift, and go to state 64
    T_SYSTEM_IDENTIFIER  shift, and go to state 65
    T_STRING_CONSTANT    shift, and go to state 66
    T_INTEGER_CONSTANT   shift, and go to state 67
    T_DOUBLE_CONSTANT    shift, and go to state 68
    T_BOOL_CONSTANT      shift, and go to state 69
    '-'                  shift, and go to state 70
    '!'                  shift, and go to state 71
    T_DECREMENT          shift, and go to state 72
    T_INCREMENT          shift, and go to state 73
    '('                  shift, and go to state 74

    Expression               go to state 128
    Assignment_Expression    go to state 76
    Aggregate_Value          go to state 77
    LValue                   go to state 78
    Field_Access_Expression  go to state 79
    Call                     go to state 80
    Constant_Expression      go to state 81


State 104

   71 Expression: Expression T_NOT_EQUAL . Expression

    T_AGGREGATE_OPEN     shift, and go to state 62
    T_IDENTIFIER         shift, and go to state 63
    T_FILTER_NAME        shift, and go to state 64
    T_SYSTEM_IDENTIFIER  shift, and go to state 65
    T_STRING_CONSTANT    shift, and go to state 66
    T_INTEGER_CONSTANT   shift, and go to state 67
    T_DOUBLE_CONSTANT    shift, and go to state 68
    T_BOOL_CONSTANT      shift, and go to state 69
    '-'                  shift, and go to state 70
    '!'                  shift, and go to state 71
    T_DECREMENT          shift, and go to state 72
    T_INCREMENT          shift, and go to state 73
    '('                  shift, and go to state 74

    Expression               go to state 129
    Assignment_Expression    go to state 76
    Aggregate_Value          go to state 77
    LValue                   go to state 78
    Field_Access_Expression  go to state 79
    Call                     go to state 80
    Constant_Expression      go to state 81


State 105

   70 Expression: Expression T_EQUAL . Expression

    T_AGGREGATE_OPEN     shift, and go to state 62
    T_IDENTIFIER         shift, and go to state 63
    T_FILTER_NAME        shift, and go to state 64
    T_SYSTEM_IDENTIFIER  shift, and go to state 65
    T_STRING_CONSTANT    shift, and go to state 66
    T_INTEGER_CONSTANT   shift, and go to state 67
    T_DOUBLE_CONSTANT    shift, and go to state 68
    T_BOOL_CONSTANT      shift, and go to state 69
    '-'                  shift, and go to state 70
    '!'                  shift, and go to state 71
    T_DECREMENT          shift, and go to state 72
    T_INCREMENT          shift, and go to state 73
    '('                  shift, and go to state 74

    Expression               go to state 130
    Assignment_Expression    go to state 76
    Aggregate_Value          go to state 77
    LValue                   go to state 78
    Field_Access_Expression  go to state 79
    Call                     go to state 80
    Constant_Expression      go to state 81


State 106

   64 Expression: Expression '>' . Expression

    T_AGGREGATE_OPEN     shift, and go to state 62
    T_IDENTIFIER         shift, and go to state 63
    T_FILTER_NAME        shift, and go to state 64
    T_SYSTEM_IDENTIFIER  shift, and go to state 65
    T_STRING_CONSTANT    shift, and go to state 66
    T_INTEGER_CONSTANT   shift, and go to state 67
    T_DOUBLE_CONSTANT    shift, and go to state 68
    T_BOOL_CONSTANT      shift, and go to state 69
    '-'                  shift, and go to state 70
    '!'                  shift, and go to state 71
    T_DECREMENT          shift, and go to state 72
    T_INCREMENT          shift, and go to state 73
    '('                  shift, and go to state 74

    Expression               go to state 131
    Assignment_Expression    go to state 76
    Aggregate_Value          go to state 77
    LValue                   go to state 78
    Field_Access_Expression  go to state 79
    Call                     go to state 80
    Constant_Expression      go to state 81


State 107

   65 Expression: Expression '<' . Expression

    T_AGGREGATE_OPEN     shift, and go to state 62
    T_IDENTIFIER         shift, and go to state 63
    T_FILTER_NAME        shift, and go to state 64
    T_SYSTEM_IDENTIFIER  shift, and go to state 65
    T_STRING_CONSTANT    shift, and go to state 66
    T_INTEGER_CONSTANT   shift, and go to state 67
    T_DOUBLE_CONSTANT    shift, and go to state 68
    T_BOOL_CONSTANT      shift, and go to state 69
    '-'                  shift, and go to state 70
    '!'                  shift, and go to state 71
    T_DECREMENT          shift, and go to state 72
    T_INCREMENT          shift, and go to state 73
    '('                  shift, and go to state 74

    Expression               go to state 132
    Assignment_Expression    go to state 76
    Aggregate_Value          go to state 77
    LValue                   go to state 78
    Field_Access_Expression  go to state 79
    Call                     go to state 80
    Constant_Expression      go to state 81


State 108

   66 Expression: Expression T_GREATER_EQUAL . Expression

    T_AGGREGATE_OPEN     shift, and go to state 62
    T_IDENTIFIER         shift, and go to state 63
    T_FILTER_NAME        shift, and go to state 64
    T_SYSTEM_IDENTIFIER  shift, and go to state 65
    T_STRING_CONSTANT    shift, and go to state 66
    T_INTEGER_CONSTANT   shift, and go to state 67
    T_DOUBLE_CONSTANT    shift, and go to state 68
    T_BOOL_CONSTANT      shift, and go to state 69
    '-'                  shift, and go to state 70
    '!'                  shift, and go to state 71
    T_DECREMENT          shift, and go to state 72
    T_INCREMENT          shift, and go to state 73
    '('                  shift, and go to state 74

    Expression               go to state 133
    Assignment_Expression    go to state 76
    Aggregate_Value          go to state 77
    LValue                   go to state 78
    Field_Access_Expression  go to state 79
    Call                     go to state 80
    Constant_Expression      go to state 81


State 109

   67 Expression: Expression T_LESS_EQUAL . Expression

    T_AGGREGATE_OPEN     shift, and go to state 62
    T_IDENTIFIER         shift, and go to state 63
    T_FILTER_NAME        shift, and go to state 64
    T_SYSTEM_IDENTIFIER  shift, and go to state 65
    T_STRING_CONSTANT    shift, and go to state 66
    T_INTEGER_CONSTANT   shift, and go to state 67
    T_DOUBLE_CONSTANT    shift, and go to state 68
    T_BOOL_CONSTANT      shift, and go to state 69
    '-'                  shift, and go to state 70
    '!'                  shift, and go to state 71
    T_DECREMENT          shift, and go to state 72
    T_INCREMENT          shift, and go to state 73
    '('                  shift, and go to state 74

    Expression               go to state 134
    Assignment_Expression    go to state 76
    Aggregate_Value          go to state 77
    LValue                   go to state 78
    Field_Access_Expression  go to state 79
    Call                     go to state 80
    Constant_Expression      go to state 81


State 110

   58 Expression: Expression '+' . Expression

    T_AGGREGATE_OPEN     shift, and go to state 62
    T_IDENTIFIER         shift, and go to state 63
    T_FILTER_NAME        shift, and go to state 64
    T_SYSTEM_IDENTIFIER  shift, and go to state 65
    T_STRING_CONSTANT    shift, and go to state 66
    T_INTEGER_CONSTANT   shift, and go to state 67
    T_DOUBLE_CONSTANT    shift, and go to state 68
    T_BOOL_CONSTANT      shift, and go to state 69
    '-'                  shift, and go to state 70
    '!'                  shift, and go to state 71
    T_DECREMENT          shift, and go to state 72
    T_INCREMENT          shift, and go to state 73
    '('                  shift, and go to state 74

    Expression               go to state 135
    Assignment_Expression    go to state 76
    Aggregate_Value          go to state 77
    LValue                   go to state 78
    Field_Access_Expression  go to state 79
    Call                     go to state 80
    Constant_Expression      go to state 81


State 111

   59 Expression: Expression '-' . Expression

    T_AGGREGATE_OPEN     shift, and go to state 62
    T_IDENTIFIER         shift, and go to state 63
    T_FILTER_NAME        shift, and go to state 64
    T_SYSTEM_IDENTIFIER  shift, and go to state 65
    T_STRING_CONSTANT    shift, and go to state 66
    T_INTEGER_CONSTANT   shift, and go to state 67
    T_DOUBLE_CONSTANT    shift, and go to state 68
    T_BOOL_CONSTANT      shift, and go to state 69
    '-'                  shift, and go to state 70
    '!'                  shift, and go to state 71
    T_DECREMENT          shift, and go to state 72
    T_INCREMENT          shift, and go to state 73
    '('                  shift, and go to state 74

    Expression               go to state 136
    Assignment_Expression    go to state 76
    Aggregate_Value          go to state 77
    LValue                   go to state 78
    Field_Access_Expression  go to state 79
    Call                     go to state 80
    Constant_Expression      go to state 81


State 112

   60 Expression: Expression '*' . Expression

    T_AGGREGATE_OPEN     shift, and go to state 62
    T_IDENTIFIER         shift, and go to state 63
    T_FILTER_NAME        shift, and go to state 64
    T_SYSTEM_IDENTIFIER  shift, and go to state 65
    T_STRING_CONSTANT    shift, and go to state 66
    T_INTEGER_CONSTANT   shift, and go to state 67
    T_DOUBLE_CONSTANT    shift, and go to state 68
    T_BOOL_CONSTANT      shift, and go to state 69
    '-'                  shift, and go to state 70
    '!'                  shift, and go to state 71
    T_DECREMENT          shift, and go to state 72
    T_INCREMENT          shift, and go to state 73
    '('                  shift, and go to state 74

    Expression               go to state 137
    Assignment_Expression    go to state 76
    Aggregate_Value          go to state 77
    LValue                   go to state 78
    Field_Access_Expression  go to state 79
    Call                     go to state 80
    Constant_Expression      go to state 81


State 113

   61 Expression: Expression '/' . Expression

    T_AGGREGATE_OPEN     shift, and go to state 62
    T_IDENTIFIER         shift, and go to state 63
    T_FILTER_NAME        shift, and go to state 64
    T_SYSTEM_IDENTIFIER  shift, and go to state 65
    T_STRING_CONSTANT    shift, and go to state 66
    T_INTEGER_CONSTANT   shift, and go to state 67
    T_DOUBLE_CONSTANT    shift, and go to state 68
    T_BOOL_CONSTANT      shift, and go to state 69
    '-'                  shift, and go to state 70
    '!'                  shift, and go to state 71
    T_DECREMENT          shift, and go to state 72
    T_INCREMENT          shift, and go to state 73
    '('                  shift, and go to state 74

    Expression               go to state 138
    Assignment_Expression    go to state 76
    Aggregate_Value          go to state 77
    LValue                   go to state 78
    Field_Access_Expression  go to state 79
    Call                     go to state 80
    Constant_Expression      go to state 81


State 114

   77 Assignment_Expression: LValue T_LEFT_ARROW . Expression

    T_AGGREGATE_OPEN     shift, and go to state 62
    T_IDENTIFIER         shift, and go to state 63
    T_FILTER_NAME        shift, and go to state 64
    T_SYSTEM_IDENTIFIER  shift, and go to state 65
    T_STRING_CONSTANT    shift, and go to state 66
    T_INTEGER_CONSTANT   shift, and go to state 67
    T_DOUBLE_CONSTANT    shift, and go to state 68
    T_BOOL_CONSTANT      shift, and go to state 69
    '-'                  shift, and go to state 70
    '!'                  shift, and go to state 71
    T_DECREMENT          shift, and go to state 72
    T_INCREMENT          shift, and go to state 73
    '('                  shift, and go to state 74

    Expression               go to state 139
    Assignment_Expression    go to state 76
    Aggregate_Value          go to state 77
    LValue                   go to state 78
    Field_Access_Expression  go to state 79
    Call                     go to state 80
    Constant_Expression      go to state 81


State 115

   40 Bracketed_Declaration_List: '(' Declaration_List ')' .

    $default  reduce using rule 40 (Bracketed_Declaration_List)


State 116

   31 Statement_Block: '{' Statement_List . '}'
   33 Statement_List: Statement_List . Statement

    T_VOID               shift, and go to state 22
    T_BOOL               shift, and go to state 23
    T_INT                shift, and go to state 24
    T_DOUBLE             shift, and go to state 25
    T_STRING             shift, and go to state 26
    T_TRANSFER           shift, and go to state 140
    T_IF                 shift, and go to state 141
    T_AGGREGATE_OPEN     shift, and go to state 62
    T_IDENTIFIER         shift, and go to state 63
    T_FILTER_NAME        shift, and go to state 64
    T_SYSTEM_IDENTIFIER  shift, and go to state 65
    T_STRING_CONSTANT    shift, and go to state 66
    T_INTEGER_CONSTANT   shift, and go to state 67
    T_DOUBLE_CONSTANT    shift, and go to state 68
    T_BOOL_CONSTANT      shift, and go to state 69
    '<'                  shift, and go to state 27
    '-'                  shift, and go to state 70
    '!'                  shift, and go to state 71
    T_DECREMENT          shift, and go to state 72
    T_INCREMENT          shift, and go to state 73
    '}'                  shift, and go to state 142
    '('                  shift, and go to state 74

    Statement                go to state 143
    Test_Expression          go to state 144
    If_Statement             go to state 145
    Declaration              go to state 146
    Routine_Definition       go to state 30
    Variable_Declaration     go to state 31
    Type                     go to state 32
    Expression               go to state 147
    Assignment_Expression    go to state 76
    Aggregate_Value          go to state 77
    LValue                   go to state 78
    Field_Access_Expression  go to state 79
    Call                     go to state 80
    Constant_Expression      go to state 81


State 117

   18 String_List: T_STRING_CONSTANT .

    $default  reduce using rule 18 (String_List)


State 118

   15 Filter_Specification: '{' T_HAS ':' String_List . '}'
   19 String_List: String_List . ',' T_STRING_CONSTANT

    '}'  shift, and go to state 148
    ','  shift, and go to state 149


State 119

   78 Aggregate_Value: T_AGGREGATE_OPEN Expression_List T_AGGREGATE_CLOSE .

    $default  reduce using rule 78 (Aggregate_Value)


State 120

   89 Expression_List_Helper: Expression_List_Helper ',' . Expression

    T_AGGREGATE_OPEN     shift, and go to state 62
    T_IDENTIFIER         shift, and go to state 63
    T_FILTER_NAME        shift, and go to state 64
    T_SYSTEM_IDENTIFIER  shift, and go to state 65
    T_STRING_CONSTANT    shift, and go to state 66
    T_INTEGER_CONSTANT   shift, and go to state 67
    T_DOUBLE_CONSTANT    shift, and go to state 68
    T_BOOL_CONSTANT      shift, and go to state 69
    '-'                  shift, and go to state 70
    '!'                  shift, and go to state 71
    T_DECREMENT          shift, and go to state 72
    T_INCREMENT          shift, and go to state 73
    '('                  shift, and go to state 74

    Expression               go to state 150
    Assignment_Expression    go to state 76
    Aggregate_Value          go to state 77
    LValue                   go to state 78
    Field_Access_Expression  go to state 79
    Call                     go to state 80
    Constant_Expression      go to state 81


State 121

   82 Call: T_IDENTIFIER '<' State_ID . '>' '(' Expression_List_Wild ')'

    '>'  shift, and go to state 151


State 122

   81 Call: T_IDENTIFIER '(' Expression_List_Wild . ')'

    ')'  shift, and go to state 152


State 123

   86 Expression_List_Wild: Expression_List .

    $default  reduce using rule 86 (Expression_List_Wild)


State 124

   84 Call: T_FILTER_NAME '(' Expression_List_Wild . ')'

    ')'  shift, and go to state 153


State 125

   83 Call: T_SYSTEM_IDENTIFIER '(' Expression_List_Wild . ')'

    ')'  shift, and go to state 154


State 126

   72 Expression: '(' Expression ')' .

    $default  reduce using rule 72 (Expression)


State 127

   58 Expression: Expression . '+' Expression
   59           | Expression . '-' Expression
   60           | Expression . '*' Expression
   61           | Expression . '/' Expression
   64           | Expression . '>' Expression
   65           | Expression . '<' Expression
   66           | Expression . T_GREATER_EQUAL Expression
   67           | Expression . T_LESS_EQUAL Expression
   68           | Expression . T_AND Expression
   69           | Expression . T_OR Expression
   69           | Expression T_OR Expression .
   70           | Expression . T_EQUAL Expression
   71           | Expression . T_NOT_EQUAL Expression

    T_AND            shift, and go to state 103
    T_NOT_EQUAL      shift, and go to state 104
    T_EQUAL          shift, and go to state 105
    '>'              shift, and go to state 106
    '<'              shift, and go to state 107
    T_GREATER_EQUAL  shift, and go to state 108
    T_LESS_EQUAL     shift, and go to state 109
    '+'              shift, and go to state 110
    '-'              shift, and go to state 111
    '*'              shift, and go to state 112
    '/'              shift, and go to state 113

    $default  reduce using rule 69 (Expression)


State 128

   58 Expression: Expression . '+' Expression
   59           | Expression . '-' Expression
   60           | Expression . '*' Expression
   61           | Expression . '/' Expression
   64           | Expression . '>' Expression
   65           | Expression . '<' Expression
   66           | Expression . T_GREATER_EQUAL Expression
   67           | Expression . T_LESS_EQUAL Expression
   68           | Expression . T_AND Expression
   68           | Expression T_AND Expression .
   69           | Expression . T_OR Expression
   70           | Expression . T_EQUAL Expression
   71           | Expression . T_NOT_EQUAL Expression

    T_NOT_EQUAL      shift, and go to state 104
    T_EQUAL          shift, and go to state 105
    '>'              shift, and go to state 106
    '<'              shift, and go to state 107
    T_GREATER_EQUAL  shift, and go to state 108
    T_LESS_EQUAL     shift, and go to state 109
    '+'              shift, and go to state 110
    '-'              shift, and go to state 111
    '*'              shift, and go to state 112
    '/'              shift, and go to state 113

    $default  reduce using rule 68 (Expression)


State 129

   58 Expression: Expression . '+' Expression
   59           | Expression . '-' Expression
   60           | Expression . '*' Expression
   61           | Expression . '/' Expression
   64           | Expression . '>' Expression
   65           | Expression . '<' Expression
   66           | Expression . T_GREATER_EQUAL Expression
   67           | Expression . T_LESS_EQUAL Expression
   68           | Expression . T_AND Expression
   69           | Expression . T_OR Expression
   70           | Expression . T_EQUAL Expression
   71           | Expression . T_NOT_EQUAL Expression
   71           | Expression T_NOT_EQUAL Expression .

    '>'              shift, and go to state 106
    '<'              shift, and go to state 107
    T_GREATER_EQUAL  shift, and go to state 108
    T_LESS_EQUAL     shift, and go to state 109
    '+'              shift, and go to state 110
    '-'              shift, and go to state 111
    '*'              shift, and go to state 112
    '/'              shift, and go to state 113

    $default  reduce using rule 71 (Expression)


State 130

   58 Expression: Expression . '+' Expression
   59           | Expression . '-' Expression
   60           | Expression . '*' Expression
   61           | Expression . '/' Expression
   64           | Expression . '>' Expression
   65           | Expression . '<' Expression
   66           | Expression . T_GREATER_EQUAL Expression
   67           | Expression . T_LESS_EQUAL Expression
   68           | Expression . T_AND Expression
   69           | Expression . T_OR Expression
   70           | Expression . T_EQUAL Expression
   70           | Expression T_EQUAL Expression .
   71           | Expression . T_NOT_EQUAL Expression

    '>'              shift, and go to state 106
    '<'              shift, and go to state 107
    T_GREATER_EQUAL  shift, and go to state 108
    T_LESS_EQUAL     shift, and go to state 109
    '+'              shift, and go to state 110
    '-'              shift, and go to state 111
    '*'              shift, and go to state 112
    '/'              shift, and go to state 113

    $default  reduce using rule 70 (Expression)


State 131

   58 Expression: Expression . '+' Expression
   59           | Expression . '-' Expression
   60           | Expression . '*' Expression
   61           | Expression . '/' Expression
   64           | Expression . '>' Expression
   64           | Expression '>' Expression .
   65           | Expression . '<' Expression
   66           | Expression . T_GREATER_EQUAL Expression
   67           | Expression . T_LESS_EQUAL Expression
   68           | Expression . T_AND Expression
   69           | Expression . T_OR Expression
   70           | Expression . T_EQUAL Expression
   71           | Expression . T_NOT_EQUAL Expression

    '+'  shift, and go to state 110
    '-'  shift, and go to state 111
    '*'  shift, and go to state 112
    '/'  shift, and go to state 113

    $default  reduce using rule 64 (Expression)


State 132

   58 Expression: Expression . '+' Expression
   59           | Expression . '-' Expression
   60           | Expression . '*' Expression
   61           | Expression . '/' Expression
   64           | Expression . '>' Expression
   65           | Expression . '<' Expression
   65           | Expression '<' Expression .
   66           | Expression . T_GREATER_EQUAL Expression
   67           | Expression . T_LESS_EQUAL Expression
   68           | Expression . T_AND Expression
   69           | Expression . T_OR Expression
   70           | Expression . T_EQUAL Expression
   71           | Expression . T_NOT_EQUAL Expression

    '+'  shift, and go to state 110
    '-'  shift, and go to state 111
    '*'  shift, and go to state 112
    '/'  shift, and go to state 113

    $default  reduce using rule 65 (Expression)


State 133

   58 Expression: Expression . '+' Expression
   59           | Expression . '-' Expression
   60           | Expression . '*' Expression
   61           | Expression . '/' Expression
   64           | Expression . '>' Expression
   65           | Expression . '<' Expression
   66           | Expression . T_GREATER_EQUAL Expression
   66           | Expression T_GREATER_EQUAL Expression .
   67           | Expression . T_LESS_EQUAL Expression
   68           | Expression . T_AND Expression
   69           | Expression . T_OR Expression
   70           | Expression . T_EQUAL Expression
   71           | Expression . T_NOT_EQUAL Expression

    '+'  shift, and go to state 110
    '-'  shift, and go to state 111
    '*'  shift, and go to state 112
    '/'  shift, and go to state 113

    $default  reduce using rule 66 (Expression)


State 134

   58 Expression: Expression . '+' Expression
   59           | Expression . '-' Expression
   60           | Expression . '*' Expression
   61           | Expression . '/' Expression
   64           | Expression . '>' Expression
   65           | Expression . '<' Expression
   66           | Expression . T_GREATER_EQUAL Expression
   67           | Expression . T_LESS_EQUAL Expression
   67           | Expression T_LESS_EQUAL Expression .
   68           | Expression . T_AND Expression
   69           | Expression . T_OR Expression
   70           | Expression . T_EQUAL Expression
   71           | Expression . T_NOT_EQUAL Expression

    '+'  shift, and go to state 110
    '-'  shift, and go to state 111
    '*'  shift, and go to state 112
    '/'  shift, and go to state 113

    $default  reduce using rule 67 (Expression)


State 135

   58 Expression: Expression . '+' Expression
   58           | Expression '+' Expression .
   59           | Expression . '-' Expression
   60           | Expression . '*' Expression
   61           | Expression . '/' Expression
   64           | Expression . '>' Expression
   65           | Expression . '<' Expression
   66           | Expression . T_GREATER_EQUAL Expression
   67           | Expression . T_LESS_EQUAL Expression
   68           | Expression . T_AND Expression
   69           | Expression . T_OR Expression
   70           | Expression . T_EQUAL Expression
   71           | Expression . T_NOT_EQUAL Expression

    '*'  shift, and go to state 112
    '/'  shift, and go to state 113

    $default  reduce using rule 58 (Expression)


State 136

   58 Expression: Expression . '+' Expression
   59           | Expression . '-' Expression
   59           | Expression '-' Expression .
   60           | Expression . '*' Expression
   61           | Expression . '/' Expression
   64           | Expression . '>' Expression
   65           | Expression . '<' Expression
   66           | Expression . T_GREATER_EQUAL Expression
   67           | Expression . T_LESS_EQUAL Expression
   68           | Expression . T_AND Expression
   69           | Expression . T_OR Expression
   70           | Expression . T_EQUAL Expression
   71           | Expression . T_NOT_EQUAL Expression

    '*'  shift, and go to state 112
    '/'  shift, and go to state 113

    $default  reduce using rule 59 (Expression)


State 137

   58 Expression: Expression . '+' Expression
   59           | Expression . '-' Expression
   60           | Expression . '*' Expression
   60           | Expression '*' Expression .
   61           | Expression . '/' Expression
   64           | Expression . '>' Expression
   65           | Expression . '<' Expression
   66           | Expression . T_GREATER_EQUAL Expression
   67           | Expression . T_LESS_EQUAL Expression
   68           | Expression . T_AND Expression
   69           | Expression . T_OR Expression
   70           | Expression . T_EQUAL Expression
   71           | Expression . T_NOT_EQUAL Expression

    $default  reduce using rule 60 (Expression)


State 138

   58 Expression: Expression . '+' Expression
   59           | Expression . '-' Expression
   60           | Expression . '*' Expression
   61           | Expression . '/' Expression
   61           | Expression '/' Expression .
   64           | Expression . '>' Expression
   65           | Expression . '<' Expression
   66           | Expression . T_GREATER_EQUAL Expression
   67           | Expression . T_LESS_EQUAL Expression
   68           | Expression . T_AND Expression
   69           | Expression . T_OR Expression
   70           | Expression . T_EQUAL Expression
   71           | Expression . T_NOT_EQUAL Expression

    $default  reduce using rule 61 (Expression)


State 139

   58 Expression: Expression . '+' Expression
   59           | Expression . '-' Expression
   60           | Expression . '*' Expression
   61           | Expression . '/' Expression
   64           | Expression . '>' Expression
   65           | Expression . '<' Expression
   66           | Expression . T_GREATER_EQUAL Expression
   67           | Expression . T_LESS_EQUAL Expression
   68           | Expression . T_AND Expression
   69           | Expression . T_OR Expression
   70           | Expression . T_EQUAL Expression
   71           | Expression . T_NOT_EQUAL Expression
   77 Assignment_Expression: LValue T_LEFT_ARROW Expression .

    T_OR             shift, and go to state 102
    T_AND            shift, and go to state 103
    T_NOT_EQUAL      shift, and go to state 104
    T_EQUAL          shift, and go to state 105
    '>'              shift, and go to state 106
    '<'              shift, and go to state 107
    T_GREATER_EQUAL  shift, and go to state 108
    T_LESS_EQUAL     shift, and go to state 109
    '+'              shift, and go to state 110
    '-'              shift, and go to state 111
    '*'              shift, and go to state 112
    '/'              shift, and go to state 113

    $default  reduce using rule 77 (Assignment_Expression)


State 140

   25 Statement: T_TRANSFER . Expression_Wild ';'

    T_AGGREGATE_OPEN     shift, and go to state 62
    T_IDENTIFIER         shift, and go to state 63
    T_FILTER_NAME        shift, and go to state 64
    T_SYSTEM_IDENTIFIER  shift, and go to state 65
    T_STRING_CONSTANT    shift, and go to state 66
    T_INTEGER_CONSTANT   shift, and go to state 67
    T_DOUBLE_CONSTANT    shift, and go to state 68
    T_BOOL_CONSTANT      shift, and go to state 69
    '-'                  shift, and go to state 70
    '!'                  shift, and go to state 71
    T_DECREMENT          shift, and go to state 72
    T_INCREMENT          shift, and go to state 73
    '('                  shift, and go to state 74

    $default  reduce using rule 75 (Expression_Wild)

    Expression               go to state 155
    Expression_Wild          go to state 156
    Assignment_Expression    go to state 76
    Aggregate_Value          go to state 77
    LValue                   go to state 78
    Field_Access_Expression  go to state 79
    Call                     go to state 80
    Constant_Expression      go to state 81


State 141

   26 Test_Expression: T_IF . '(' Expression ')'

    '('  shift, and go to state 157


State 142

   31 Statement_Block: '{' Statement_List '}' .

    $default  reduce using rule 31 (Statement_Block)


State 143

   33 Statement_List: Statement_List Statement .

    $default  reduce using rule 33 (Statement_List)


State 144

   27 If_Statement: Test_Expression . Statement_Block
   28             | Test_Expression . Statement_Block T_ELSE Statement_Block
   29             | Test_Expression . Statement_Block T_ELSE If_Statement
   30             | Test_Expression . Expression '!' Expression ';'

    T_AGGREGATE_OPEN     shift, and go to state 62
    T_IDENTIFIER         shift, and go to state 63
    T_FILTER_NAME        shift, and go to state 64
    T_SYSTEM_IDENTIFIER  shift, and go to state 65
    T_STRING_CONSTANT    shift, and go to state 66
    T_INTEGER_CONSTANT   shift, and go to state 67
    T_DOUBLE_CONSTANT    shift, and go to state 68
    T_BOOL_CONSTANT      shift, and go to state 69
    '-'                  shift, and go to state 70
    '!'                  shift, and go to state 71
    T_DECREMENT          shift, and go to state 72
    T_INCREMENT          shift, and go to state 73
    '{'                  shift, and go to state 84
    '('                  shift, and go to state 74

    Statement_Block          go to state 158
    Expression               go to state 159
    Assignment_Expression    go to state 76
    Aggregate_Value          go to state 77
    LValue                   go to state 78
    Field_Access_Expression  go to state 79
    Call                     go to state 80
    Constant_Expression      go to state 81


State 145

   23 Statement: If_Statement .

    $default  reduce using rule 23 (Statement)


State 146

   24 Statement: Declaration . ';'

    ';'  shift, and go to state 160


State 147

   22 Statement: Expression . ';'
   58 Expression: Expression . '+' Expression
   59           | Expression . '-' Expression
   60           | Expression . '*' Expression
   61           | Expression . '/' Expression
   64           | Expression . '>' Expression
   65           | Expression . '<' Expression
   66           | Expression . T_GREATER_EQUAL Expression
   67           | Expression . T_LESS_EQUAL Expression
   68           | Expression . T_AND Expression
   69           | Expression . T_OR Expression
   70           | Expression . T_EQUAL Expression
   71           | Expression . T_NOT_EQUAL Expression

    T_OR             shift, and go to state 102
    T_AND            shift, and go to state 103
    T_NOT_EQUAL      shift, and go to state 104
    T_EQUAL          shift, and go to state 105
    '>'              shift, and go to state 106
    '<'              shift, and go to state 107
    T_GREATER_EQUAL  shift, and go to state 108
    T_LESS_EQUAL     shift, and go to state 109
    '+'              shift, and go to state 110
    '-'              shift, and go to state 111
    '*'              shift, and go to state 112
    '/'              shift, and go to state 113
    ';'              shift, and go to state 161


State 148

   15 Filter_Specification: '{' T_HAS ':' String_List '}' .

    $default  reduce using rule 15 (Filter_Specification)


State 149

   19 String_List: String_List ',' . T_STRING_CONSTANT

    T_STRING_CONSTANT  shift, and go to state 162


State 150

   58 Expression: Expression . '+' Expression
   59           | Expression . '-' Expression
   60           | Expression . '*' Expression
   61           | Expression . '/' Expression
   64           | Expression . '>' Expression
   65           | Expression . '<' Expression
   66           | Expression . T_GREATER_EQUAL Expression
   67           | Expression . T_LESS_EQUAL Expression
   68           | Expression . T_AND Expression
   69           | Expression . T_OR Expression
   70           | Expression . T_EQUAL Expression
   71           | Expression . T_NOT_EQUAL Expression
   89 Expression_List_Helper: Expression_List_Helper ',' Expression .

    T_OR             shift, and go to state 102
    T_AND            shift, and go to state 103
    T_NOT_EQUAL      shift, and go to state 104
    T_EQUAL          shift, and go to state 105
    '>'              shift, and go to state 106
    '<'              shift, and go to state 107
    T_GREATER_EQUAL  shift, and go to state 108
    T_LESS_EQUAL     shift, and go to state 109
    '+'              shift, and go to state 110
    '-'              shift, and go to state 111
    '*'              shift, and go to state 112
    '/'              shift, and go to state 113

    $default  reduce using rule 89 (Expression_List_Helper)


State 151

   82 Call: T_IDENTIFIER '<' State_ID '>' . '(' Expression_List_Wild ')'

    '('  shift, and go to state 163


State 152

   81 Call: T_IDENTIFIER '(' Expression_List_Wild ')' .

    $default  reduce using rule 81 (Call)


State 153

   84 Call: T_FILTER_NAME '(' Expression_List_Wild ')' .

    $default  reduce using rule 84 (Call)


State 154

   83 Call: T_SYSTEM_IDENTIFIER '(' Expression_List_Wild ')' .

    $default  reduce using rule 83 (Call)


State 155

   58 Expression: Expression . '+' Expression
   59           | Expression . '-' Expression
   60           | Expression . '*' Expression
   61           | Expression . '/' Expression
   64           | Expression . '>' Expression
   65           | Expression . '<' Expression
   66           | Expression . T_GREATER_EQUAL Expression
   67           | Expression . T_LESS_EQUAL Expression
   68           | Expression . T_AND Expression
   69           | Expression . T_OR Expression
   70           | Expression . T_EQUAL Expression
   71           | Expression . T_NOT_EQUAL Expression
   76 Expression_Wild: Expression .

    T_OR             shift, and go to state 102
    T_AND            shift, and go to state 103
    T_NOT_EQUAL      shift, and go to state 104
    T_EQUAL          shift, and go to state 105
    '>'              shift, and go to state 106
    '<'              shift, and go to state 107
    T_GREATER_EQUAL  shift, and go to state 108
    T_LESS_EQUAL     shift, and go to state 109
    '+'              shift, and go to state 110
    '-'              shift, and go to state 111
    '*'              shift, and go to state 112
    '/'              shift, and go to state 113

    $default  reduce using rule 76 (Expression_Wild)


State 156

   25 Statement: T_TRANSFER Expression_Wild . ';'

    ';'  shift, and go to state 164


State 157

   26 Test_Expression: T_IF '(' . Expression ')'

    T_AGGREGATE_OPEN     shift, and go to state 62
    T_IDENTIFIER         shift, and go to state 63
    T_FILTER_NAME        shift, and go to state 64
    T_SYSTEM_IDENTIFIER  shift, and go to state 65
    T_STRING_CONSTANT    shift, and go to state 66
    T_INTEGER_CONSTANT   shift, and go to state 67
    T_DOUBLE_CONSTANT    shift, and go to state 68
    T_BOOL_CONSTANT      shift, and go to state 69
    '-'                  shift, and go to state 70
    '!'                  shift, and go to state 71
    T_DECREMENT          shift, and go to state 72
    T_INCREMENT          shift, and go to state 73
    '('                  shift, and go to state 74

    Expression               go to state 165
    Assignment_Expression    go to state 76
    Aggregate_Value          go to state 77
    LValue                   go to state 78
    Field_Access_Expression  go to state 79
    Call                     go to state 80
    Constant_Expression      go to state 81


State 158

   27 If_Statement: Test_Expression Statement_Block .
   28             | Test_Expression Statement_Block . T_ELSE Statement_Block
   29             | Test_Expression Statement_Block . T_ELSE If_Statement

    T_ELSE  shift, and go to state 166

    $default  reduce using rule 27 (If_Statement)


State 159

   30 If_Statement: Test_Expression Expression . '!' Expression ';'
   58 Expression: Expression . '+' Expression
   59           | Expression . '-' Expression
   60           | Expression . '*' Expression
   61           | Expression . '/' Expression
   64           | Expression . '>' Expression
   65           | Expression . '<' Expression
   66           | Expression . T_GREATER_EQUAL Expression
   67           | Expression . T_LESS_EQUAL Expression
   68           | Expression . T_AND Expression
   69           | Expression . T_OR Expression
   70           | Expression . T_EQUAL Expression
   71           | Expression . T_NOT_EQUAL Expression

    T_OR             shift, and go to state 102
    T_AND            shift, and go to state 103
    T_NOT_EQUAL      shift, and go to state 104
    T_EQUAL          shift, and go to state 105
    '>'              shift, and go to state 106
    '<'              shift, and go to state 107
    T_GREATER_EQUAL  shift, and go to state 108
    T_LESS_EQUAL     shift, and go to state 109
    '+'              shift, and go to state 110
    '-'              shift, and go to state 111
    '*'              shift, and go to state 112
    '/'              shift, and go to state 113
    '!'              shift, and go to state 167


State 160

   24 Statement: Declaration ';' .

    $default  reduce using rule 24 (Statement)


State 161

   22 Statement: Expression ';' .

    $default  reduce using rule 22 (Statement)


State 162

   19 String_List: String_List ',' T_STRING_CONSTANT .

    $default  reduce using rule 19 (String_List)


State 163

   82 Call: T_IDENTIFIER '<' State_ID '>' '(' . Expression_List_Wild ')'

    T_AGGREGATE_OPEN     shift, and go to state 62
    T_IDENTIFIER         shift, and go to state 63
    T_FILTER_NAME        shift, and go to state 64
    T_SYSTEM_IDENTIFIER  shift, and go to state 65
    T_STRING_CONSTANT    shift, and go to state 66
    T_INTEGER_CONSTANT   shift, and go to state 67
    T_DOUBLE_CONSTANT    shift, and go to state 68
    T_BOOL_CONSTANT      shift, and go to state 69
    '-'                  shift, and go to state 70
    '!'                  shift, and go to state 71
    T_DECREMENT          shift, and go to state 72
    T_INCREMENT          shift, and go to state 73
    '('                  shift, and go to state 74

    $default  reduce using rule 85 (Expression_List_Wild)

    Expression               go to state 89
    Assignment_Expression    go to state 76
    Aggregate_Value          go to state 77
    LValue                   go to state 78
    Field_Access_Expression  go to state 79
    Call                     go to state 80
    Expression_List_Wild     go to state 168
    Expression_List          go to state 123
    Expression_List_Helper   go to state 91
    Constant_Expression      go to state 81


State 164

   25 Statement: T_TRANSFER Expression_Wild ';' .

    $default  reduce using rule 25 (Statement)


State 165

   26 Test_Expression: T_IF '(' Expression . ')'
   58 Expression: Expression . '+' Expression
   59           | Expression . '-' Expression
   60           | Expression . '*' Expression
   61           | Expression . '/' Expression
   64           | Expression . '>' Expression
   65           | Expression . '<' Expression
   66           | Expression . T_GREATER_EQUAL Expression
   67           | Expression . T_LESS_EQUAL Expression
   68           | Expression . T_AND Expression
   69           | Expression . T_OR Expression
   70           | Expression . T_EQUAL Expression
   71           | Expression . T_NOT_EQUAL Expression

    T_OR             shift, and go to state 102
    T_AND            shift, and go to state 103
    T_NOT_EQUAL      shift, and go to state 104
    T_EQUAL          shift, and go to state 105
    '>'              shift, and go to state 106
    '<'              shift, and go to state 107
    T_GREATER_EQUAL  shift, and go to state 108
    T_LESS_EQUAL     shift, and go to state 109
    '+'              shift, and go to state 110
    '-'              shift, and go to state 111
    '*'              shift, and go to state 112
    '/'              shift, and go to state 113
    ')'              shift, and go to state 169


State 166

   28 If_Statement: Test_Expression Statement_Block T_ELSE . Statement_Block
   29             | Test_Expression Statement_Block T_ELSE . If_Statement

    T_IF  shift, and go to state 141
    '{'   shift, and go to state 84

    Test_Expression  go to state 144
    If_Statement     go to state 170
    Statement_Block  go to state 171


State 167

   30 If_Statement: Test_Expression Expression '!' . Expression ';'

    T_AGGREGATE_OPEN     shift, and go to state 62
    T_IDENTIFIER         shift, and go to state 63
    T_FILTER_NAME        shift, and go to state 64
    T_SYSTEM_IDENTIFIER  shift, and go to state 65
    T_STRING_CONSTANT    shift, and go to state 66
    T_INTEGER_CONSTANT   shift, and go to state 67
    T_DOUBLE_CONSTANT    shift, and go to state 68
    T_BOOL_CONSTANT      shift, and go to state 69
    '-'                  shift, and go to state 70
    '!'                  shift, and go to state 71
    T_DECREMENT          shift, and go to state 72
    T_INCREMENT          shift, and go to state 73
    '('                  shift, and go to state 74

    Expression               go to state 172
    Assignment_Expression    go to state 76
    Aggregate_Value          go to state 77
    LValue                   go to state 78
    Field_Access_Expression  go to state 79
    Call                     go to state 80
    Constant_Expression      go to state 81


State 168

   82 Call: T_IDENTIFIER '<' State_ID '>' '(' Expression_List_Wild . ')'

    ')'  shift, and go to state 173


State 169

   26 Test_Expression: T_IF '(' Expression ')' .

    $default  reduce using rule 26 (Test_Expression)


State 170

   29 If_Statement: Test_Expression Statement_Block T_ELSE If_Statement .

    $default  reduce using rule 29 (If_Statement)


State 171

   28 If_Statement: Test_Expression Statement_Block T_ELSE Statement_Block .

    $default  reduce using rule 28 (If_Statement)


State 172

   30 If_Statement: Test_Expression Expression '!' Expression . ';'
   58 Expression: Expression . '+' Expression
   59           | Expression . '-' Expression
   60           | Expression . '*' Expression
   61           | Expression . '/' Expression
   64           | Expression . '>' Expression
   65           | Expression . '<' Expression
   66           | Expression . T_GREATER_EQUAL Expression
   67           | Expression . T_LESS_EQUAL Expression
   68           | Expression . T_AND Expression
   69           | Expression . T_OR Expression
   70           | Expression . T_EQUAL Expression
   71           | Expression . T_NOT_EQUAL Expression

    T_OR             shift, and go to state 102
    T_AND            shift, and go to state 103
    T_NOT_EQUAL      shift, and go to state 104
    T_EQUAL          shift, and go to state 105
    '>'              shift, and go to state 106
    '<'              shift, and go to state 107
    T_GREATER_EQUAL  shift, and go to state 108
    T_LESS_EQUAL     shift, and go to state 109
    '+'              shift, and go to state 110
    '-'              shift, and go to state 111
    '*'              shift, and go to state 112
    '/'              shift, and go to state 113
    ';'              shift, and go to state 174


State 173

   82 Call: T_IDENTIFIER '<' State_ID '>' '(' Expression_List_Wild ')' .

    $default  reduce using rule 82 (Call)


State 174

   30 If_Statement: Test_Expression Expression '!' Expression ';' .

    $default  reduce using rule 30 (If_Statement)
