j:\java studio\androidmaster\contactwrangler\jni\rule_implementor\debug\vc120.pdb
j:\java studio\androidmaster\contactwrangler\jni\rule_implementor\debug\addition_expression.obj
j:\java studio\androidmaster\contactwrangler\jni\rule_implementor\debug\field_access_expression.obj
j:\java studio\androidmaster\contactwrangler\jni\rule_implementor\debug\j_symbol_component.obj
j:\java studio\androidmaster\contactwrangler\jni\rule_implementor\debug\j_value.obj
j:\java studio\androidmaster\contactwrangler\jni\rule_implementor\debug\type_int.obj
j:\java studio\androidmaster\contactwrangler\jni\rule_implementor\debug\value_expression.obj
j:\java studio\androidmaster\contactwrangler\jni\rule_implementor\debug\constant_symbol_factory.obj
j:\java studio\androidmaster\contactwrangler\jni\rule_implementor\debug\division_expression.obj
j:\java studio\androidmaster\contactwrangler\jni\rule_implementor\debug\j_statement.obj
j:\java studio\androidmaster\contactwrangler\jni\rule_implementor\debug\j_unit.obj
j:\java studio\androidmaster\contactwrangler\jni\rule_implementor\debug\type_double.obj
j:\java studio\androidmaster\contactwrangler\jni\rule_implementor\debug\type_void.obj
j:\java studio\androidmaster\contactwrangler\jni\rule_implementor\debug\arguments.obj
j:\java studio\androidmaster\contactwrangler\jni\rule_implementor\debug\j_placeholder_symbol.obj
j:\java studio\androidmaster\contactwrangler\jni\rule_implementor\debug\j_symbol_error.obj
j:\java studio\androidmaster\contactwrangler\jni\rule_implementor\debug\subtraction_expression.obj
j:\java studio\androidmaster\contactwrangler\jni\rule_implementor\debug\type_routine.obj
j:\java studio\androidmaster\contactwrangler\jni\rule_implementor\debug\variable_reference_symbol.obj
j:\java studio\androidmaster\contactwrangler\jni\rule_implementor\debug\constant_symbol.obj
j:\java studio\androidmaster\contactwrangler\jni\rule_implementor\debug\j_expression.obj
j:\java studio\androidmaster\contactwrangler\jni\rule_implementor\debug\j_symbol_component_list.obj
j:\java studio\androidmaster\contactwrangler\jni\rule_implementor\debug\multiplication_expression.obj
j:\java studio\androidmaster\contactwrangler\jni\rule_implementor\debug\type_bool.obj
j:\java studio\androidmaster\contactwrangler\jni\rule_implementor\debug\unary_operator_expression.obj
j:\java studio\androidmaster\contactwrangler\jni\rule_implementor\debug\assignment_expression.obj
j:\java studio\androidmaster\contactwrangler\jni\rule_implementor\debug\expression_statement.obj
j:\java studio\androidmaster\contactwrangler\jni\rule_implementor\debug\j_symbol_array.obj
j:\java studio\androidmaster\contactwrangler\jni\rule_implementor\debug\j_value_types.obj
j:\java studio\androidmaster\contactwrangler\jni\rule_implementor\debug\symbol_component_list.obj
j:\java studio\androidmaster\contactwrangler\jni\rule_implementor\debug\type_syntax.obj
j:\java studio\androidmaster\contactwrangler\jni\rule_implementor\debug\binary_expression.obj
j:\java studio\androidmaster\contactwrangler\jni\rule_implementor\debug\if_statement.obj
j:\java studio\androidmaster\contactwrangler\jni\rule_implementor\debug\j_symbol_identifier.obj
j:\java studio\androidmaster\contactwrangler\jni\rule_implementor\debug\statement_block.obj
j:\java studio\androidmaster\contactwrangler\jni\rule_implementor\debug\type_string.obj
j:\java studio\androidmaster\contactwrangler\jni\rule_implementor\debug\variable_symbol.obj
j:\java studio\androidmaster\contactwrangler\jni\rule_implementor\debug\call_expression.obj
j:\java studio\androidmaster\contactwrangler\jni\rule_implementor\debug\j_declaration.obj
j:\java studio\androidmaster\contactwrangler\jni\rule_implementor\debug\j_symbol.obj
j:\java studio\androidmaster\contactwrangler\jni\rule_implementor\debug\relational_binary_expression.obj
j:\java studio\androidmaster\contactwrangler\jni\rule_implementor\debug\type_factory.obj
j:\java studio\androidmaster\contactwrangler\jni\rule_implementor\debug\unary_expression.obj
j:\java studio\androidmaster\contactwrangler\jni\rule_implementor\debug\custom_routine_symbol.obj
j:\java studio\androidmaster\contactwrangler\jni\rule_implementor\debug\j_routine_symbol.obj
j:\java studio\androidmaster\contactwrangler\jni\rule_implementor\debug\j_symbol_scope.obj
j:\java studio\androidmaster\contactwrangler\jni\rule_implementor\debug\rule_model.obj
j:\java studio\androidmaster\contactwrangler\jni\rule_implementor\debug\type_routine_variable_args.obj
j:\java studio\androidmaster\contactwrangler\jni\rule_implementor\debug\void_empty_expression.obj
j:\java studio\androidmaster\contactwrangler\jni\rule_implementor\debug\pre_decrement_expression.obj
j:\java studio\androidmaster\contactwrangler\jni\rule_implementor\debug\pre_increment_expression.obj
j:\java studio\androidmaster\contactwrangler\jni\rule_implementor\debug\transfer_statement.obj
j:\java studio\androidmaster\contactwrangler\jni\rule_implementor\debug\wrangler_rules_parser.obj
j:\java studio\androidmaster\contactwrangler\jni\rule_implementor\debug\state_declaration.obj
j:\java studio\androidmaster\contactwrangler\jni\rule_implementor\debug\rule_lexer.obj
j:\java studio\androidmaster\contactwrangler\jni\rule_implementor\debug\rule_parser.obj
j:\java studio\androidmaster\contactwrangler\jni\rule_implementor\debug\state_id.obj
j:\java studio\androidmaster\contactwrangler\jni\rule_implementor\debug\state_specification.obj
j:\java studio\androidmaster\contactwrangler\jni\rule_implementor\debug\wrangler_filter.obj
j:\java studio\androidmaster\contactwrangler\jni\rule_implementor\debug\rule_data.obj
j:\java studio\androidmaster\contactwrangler\jni\rule_implementor\debug\combined_filter_specification.obj
j:\java studio\androidmaster\contactwrangler\jni\rule_implementor\debug\has_filter_specification.obj
j:\java studio\androidmaster\contactwrangler\jni\rule_implementor\debug\negated_filter_specification.obj
j:\java studio\androidmaster\contactwrangler\jni\rule_implementor\debug\rule_parsing_unit.obj
j:\java studio\androidmaster\contactwrangler\jni\rule_implementor\debug\rule_yy_lex.obj
j:\java studio\androidmaster\contactwrangler\jni\rule_implementor\rule_yy_lex.cpp
j:\java studio\androidmaster\contactwrangler\jni\rule_implementor\rule_parsing_unit.cc
j:\java studio\androidmaster\contactwrangler\jni\rule_implementor\rule_parsing_unit.hh
j:\java studio\androidmaster\contactwrangler\jni\lib\rule_implementor_d.lib
j:\java studio\androidmaster\contactwrangler\jni\rule_implementor\debug\math_base.obj
j:\java studio\androidmaster\contactwrangler\jni\rule_implementor\../lib/rule_implementor_d.lib
j:\java studio\androidmaster\contactwrangler\jni\rule_implementor\debug\rule_implementor.tlog\cl.command.1.tlog
j:\java studio\androidmaster\contactwrangler\jni\rule_implementor\debug\rule_implementor.tlog\cl.read.1.tlog
j:\java studio\androidmaster\contactwrangler\jni\rule_implementor\debug\rule_implementor.tlog\cl.write.1.tlog
j:\java studio\androidmaster\contactwrangler\jni\rule_implementor\debug\rule_implementor.tlog\custombuild.command.1.tlog
j:\java studio\androidmaster\contactwrangler\jni\rule_implementor\debug\rule_implementor.tlog\custombuild.read.1.tlog
j:\java studio\androidmaster\contactwrangler\jni\rule_implementor\debug\rule_implementor.tlog\custombuild.write.1.tlog
j:\java studio\androidmaster\contactwrangler\jni\rule_implementor\debug\rule_implementor.tlog\lib-link.read.1.tlog
j:\java studio\androidmaster\contactwrangler\jni\rule_implementor\debug\rule_implementor.tlog\lib-link.write.1.tlog
j:\java studio\androidmaster\contactwrangler\jni\rule_implementor\debug\rule_implementor.tlog\lib.command.1.tlog
