Build started 9/8/2014 3:45:29 PM.
     1>Project "J:\Java Studio\AndroidMaster\ContactWrangler\jni\Rule_Implementor\Rule_Implementor.vcxproj" on node 2 (Build target(s)).
     1>CustomBuild:
         win_flex -d -oRule_YY_Lex.cpp Rule_Lexer.l
         win_bison -v -t --defines=rule_parsing_unit.hh -orule_parsing_unit.cc parser.y
         parser.y: conflicts: 1 shift/reduce
       ClCompile:
         J:\Program Files (x86)\Microsoft Visual Studio 12.0\VC\bin\x86_amd64\CL.exe /c /I../include /Zi /nologo /W4 /WX /sdl /MP /Od /D _WEBSOCKETPP_CPP11_SYSTEM_ERROR_ /D WIN32 /D _UNICODE /D UNICODE /D _UNICODE /D UNICODE /Gm- /EHsc /RTC1 /MDd /GS /fp:precise /Zc:wchar_t /Zc:forScope /Fo"Debug/" /Fd"Debug/vc120.pdb" /Gd /TP /wd4800 /wd4706 /wd4512 /wd4290 /wd4996 /wd4510 /wd4511 /wd4250 /errorReport:prompt Addition_Expression.cpp Aggregate_Value_Symbol.cpp Arguments.cpp Assignment_Expression.cpp Binary_Expression.cpp Call_Expression.cpp Constant_Symbol.cpp Constant_Symbol_Factory.cpp Custom_Routine_Symbol.cpp Division_Expression.cpp Expression_List.cpp Expression_Statement.cpp Field_Access_Expression.cpp Filter_Call_Expression.cpp Has_Filter_Specification.cpp If_Statement.cpp J_Symbol_Scope.cpp Multiplication_Expression.cpp Pre_Decrement_Expression.cpp Pre_Increment_Expression.cpp Relational_Binary_Expression.cpp Rule_Implementor.cpp Rule_Lexer.cpp Rule_Parser.cc State_Declaration.cpp State_Specification.cpp Statement_Block.cpp Subtraction_Expression.cpp Symbol_Component_List.cpp System_Call_Expression.cpp Transfer_Statement.cpp Type_Aggregate.cpp Type_Routine.cpp Type_Routine_Variable_Args.cpp Unary_Expression.cpp Unary_Negate_Expression.cpp Unary_Not_Expression.cpp Unary_Operator_Expression.cpp Value_Expression.cpp Variable_Reference_Symbol.cpp Variable_Symbol.cpp Void_Empty_Expression.cpp Wrangler_Function.cpp Wrangler_Rules_Parser.cpp j_declaration.cpp j_expression.cpp j_placeholder_symbol.cpp j_routine_symbol.cpp j_statement.cpp j_symbol.cpp j_symbol_array.cpp j_symbol_component_list.cpp j_value.cpp
         Addition_Expression.cpp
         Aggregate_Value_Symbol.cpp
         Arguments.cpp
         Assignment_Expression.cpp
         Binary_Expression.cpp
         Call_Expression.cpp
         Constant_Symbol.cpp
         Constant_Symbol_Factory.cpp
         Custom_Routine_Symbol.cpp
         Division_Expression.cpp
         Expression_List.cpp
         Expression_Statement.cpp
         Field_Access_Expression.cpp
         Filter_Call_Expression.cpp
         Has_Filter_Specification.cpp
         If_Statement.cpp
         J_Symbol_Scope.cpp
         Multiplication_Expression.cpp
         Pre_Decrement_Expression.cpp
         Pre_Increment_Expression.cpp
         Relational_Binary_Expression.cpp
         Rule_Implementor.cpp
         Rule_Lexer.cpp
         Rule_Parser.cc
         State_Declaration.cpp
         State_Specification.cpp
         Statement_Block.cpp
         Subtraction_Expression.cpp
         Symbol_Component_List.cpp
         System_Call_Expression.cpp
         Transfer_Statement.cpp
         Type_Aggregate.cpp
         Type_Routine.cpp
         Type_Routine_Variable_Args.cpp
         Unary_Expression.cpp
         Unary_Negate_Expression.cpp
         Unary_Not_Expression.cpp
         Unary_Operator_Expression.cpp
         Value_Expression.cpp
         Variable_Reference_Symbol.cpp
         Variable_Symbol.cpp
         Void_Empty_Expression.cpp
         Wrangler_Function.cpp
         Wrangler_Rules_Parser.cpp
         j_declaration.cpp
         j_expression.cpp
         j_placeholder_symbol.cpp
         j_routine_symbol.cpp
         j_statement.cpp
         j_symbol.cpp
         j_symbol_array.cpp
         j_symbol_component_list.cpp
         j_value.cpp
         J:\Program Files (x86)\Microsoft Visual Studio 12.0\VC\bin\x86_amd64\CL.exe /c /I../include /Zi /nologo /W4 /WX /sdl /MP /Od /D _WEBSOCKETPP_CPP11_SYSTEM_ERROR_ /D WIN32 /D _UNICODE /D UNICODE /D _UNICODE /D UNICODE /Gm- /EHsc /RTC1 /MDd /GS /fp:precise /Zc:wchar_t /Zc:forScope /Fo"Debug/" /Fd"Debug/vc120.pdb" /Gd /TP /wd4800 /wd4706 /wd4512 /wd4290 /wd4996 /wd4510 /wd4511 /wd4250 /wd4127 /wd4065 /wd4244 /wd4702 /wd4005 /wd4267 /errorReport:prompt Rule_YY_Lex.cpp rule_parsing_unit.cc
         Rule_YY_Lex.cpp
         rule_parsing_unit.cc
       Lib:
         J:\Program Files (x86)\Microsoft Visual Studio 12.0\VC\bin\x86_amd64\Lib.exe /OUT:"../lib/Rule_Implementor_D.lib" /NOLOGO /MACHINE:X64 Debug/Addition_Expression.obj
         Debug/Aggregate_Value_Symbol.obj
         Debug/Arguments.obj
         Debug/Assignment_Expression.obj
         Debug/Binary_Expression.obj
         Debug/Binary_Filter_Specification.obj
         Debug/Call_Expression.obj
         Debug/Combined_Filter_Specification.obj
         Debug/Constant_Symbol.obj
         Debug/Constant_Symbol_Factory.obj
         Debug/Custom_Routine_Symbol.obj
         Debug/Division_Expression.obj
         Debug/Expression_List.obj
         Debug/Expression_Statement.obj
         Debug/Field_Access_Expression.obj
         Debug/Filter_Call_Expression.obj
         Debug/Filter_Specification.obj
         Debug/Has_Filter_Specification.obj
         Debug/If_Statement.obj
         Debug/j_declaration.obj
         Debug/j_expression.obj
         Debug/j_placeholder_symbol.obj
         Debug/j_routine_symbol.obj
         Debug/j_statement.obj
         Debug/j_symbol.obj
         Debug/j_symbol_array.obj
         Debug/j_symbol_component.obj
         Debug/j_symbol_component_list.obj
         Debug/J_Symbol_Error.obj
         Debug/J_Symbol_Identifier.obj
         Debug/J_Symbol_Scope.obj
         Debug/j_unit.obj
         Debug/j_value.obj
         Debug/J_Value_Types.obj
         Debug/math_base.obj
         Debug/Multiplication_Expression.obj
         Debug/Negated_Filter_Specification.obj
         Debug/Pre_Decrement_Expression.obj
         Debug/Pre_Increment_Expression.obj
         Debug/Relational_Binary_Expression.obj
         Debug/Rule_Implementor.obj
         Debug/Rule_Lexer.obj
         Debug/Rule_Data.obj
         Debug/Rule_YY_Lex.obj
         Debug/Statement_Block.obj
         Debug/State_Declaration.obj
         Debug/State_ID.obj
         Debug/State_Specification.obj
         Debug/Subtraction_Expression.obj
         Debug/Symbol_Component_List.obj
         Debug/System_Call_Expression.obj
         Debug/Transfer_Statement.obj
         Debug/Type_Aggregate.obj
         Debug/Type_Bool.obj
         Debug/Type_Double.obj
         Debug/Type_Factory.obj
         Debug/Type_Int.obj
         Debug/Type_Routine.obj
         Debug/Type_Routine_Variable_Args.obj
         Debug/Type_String.obj
         Debug/Type_Syntax.obj
         Debug/Type_Void.obj
         Debug/Unary_Expression.obj
         Debug/Unary_Filter_Specification.obj
         Debug/Unary_Negate_Expression.obj
         Debug/Unary_Not_Expression.obj
         Debug/Unary_Operator_Expression.obj
         Debug/Value_Expression.obj
         Debug/Variable_Reference_Symbol.obj
         Debug/Variable_Symbol.obj
         Debug/Void_Empty_Expression.obj
         Debug/Wrangler_Filter.obj
         Debug/Wrangler_Function.obj
         Debug/Wrangler_Rules_Parser.obj
         Debug/Rule_Parser.obj
         Debug/rule_parsing_unit.obj
         Rule_Implementor.vcxproj -> J:\Java Studio\AndroidMaster\ContactWrangler\jni\Rule_Implementor\../lib/Rule_Implementor_D.lib
     1>Done Building Project "J:\Java Studio\AndroidMaster\ContactWrangler\jni\Rule_Implementor\Rule_Implementor.vcxproj" (Build target(s)).

Build succeeded.

Time Elapsed 00:00:08.12
